Start testing: Nov 11 14:28 MSK
----------------------------------------------------------
1/80 Testing: StringTest.DefaultConstructor
1/80 Test: StringTest.DefaultConstructor
Command: "/home/somewhat/bmstu-cpp-works/build/bmstu-works_tests" "--gtest_filter=StringTest.DefaultConstructor" "--gtest_also_run_disabled_tests"
Directory: /home/somewhat/bmstu-cpp-works/build
"StringTest.DefaultConstructor" start time: Nov 11 14:28 MSK
Output:
----------------------------------------------------------
Running main() from /home/somewhat/bmstu-cpp-works/build/_deps/googletest-src/googletest/src/gtest_main.cc
Note: Google Test filter = StringTest.DefaultConstructor
[==========] Running 1 test from 1 test suite.
[----------] Global test environment set-up.
[----------] 1 test from StringTest
[ RUN      ] StringTest.DefaultConstructor
[       OK ] StringTest.DefaultConstructor (0 ms)
[----------] 1 test from StringTest (0 ms total)

[----------] Global test environment tear-down
[==========] 1 test from 1 test suite ran. (0 ms total)
[  PASSED  ] 1 test.
<end of output>
Test time =   0.01 sec
----------------------------------------------------------
Test Passed.
"StringTest.DefaultConstructor" end time: Nov 11 14:28 MSK
"StringTest.DefaultConstructor" time elapsed: 00:00:00
----------------------------------------------------------

2/80 Testing: StringTest.DefaultConstructorW
2/80 Test: StringTest.DefaultConstructorW
Command: "/home/somewhat/bmstu-cpp-works/build/bmstu-works_tests" "--gtest_filter=StringTest.DefaultConstructorW" "--gtest_also_run_disabled_tests"
Directory: /home/somewhat/bmstu-cpp-works/build
"StringTest.DefaultConstructorW" start time: Nov 11 14:28 MSK
Output:
----------------------------------------------------------
Running main() from /home/somewhat/bmstu-cpp-works/build/_deps/googletest-src/googletest/src/gtest_main.cc
Note: Google Test filter = StringTest.DefaultConstructorW
[==========] Running 1 test from 1 test suite.
[----------] Global test environment set-up.
[----------] 1 test from StringTest
[ RUN      ] StringTest.DefaultConstructorW
[       OK ] StringTest.DefaultConstructorW (0 ms)
[----------] 1 test from StringTest (0 ms total)

[----------] Global test environment tear-down
[==========] 1 test from 1 test suite ran. (0 ms total)
[  PASSED  ] 1 test.
<end of output>
Test time =   0.01 sec
----------------------------------------------------------
Test Passed.
"StringTest.DefaultConstructorW" end time: Nov 11 14:28 MSK
"StringTest.DefaultConstructorW" time elapsed: 00:00:00
----------------------------------------------------------

3/80 Testing: StringTest.InitializerListConstructorW
3/80 Test: StringTest.InitializerListConstructorW
Command: "/home/somewhat/bmstu-cpp-works/build/bmstu-works_tests" "--gtest_filter=StringTest.InitializerListConstructorW" "--gtest_also_run_disabled_tests"
Directory: /home/somewhat/bmstu-cpp-works/build
"StringTest.InitializerListConstructorW" start time: Nov 11 14:28 MSK
Output:
----------------------------------------------------------
Running main() from /home/somewhat/bmstu-cpp-works/build/_deps/googletest-src/googletest/src/gtest_main.cc
Note: Google Test filter = StringTest.InitializerListConstructorW
[==========] Running 1 test from 1 test suite.
[----------] Global test environment set-up.
[----------] 1 test from StringTest
[ RUN      ] StringTest.InitializerListConstructorW
[       OK ] StringTest.InitializerListConstructorW (0 ms)
[----------] 1 test from StringTest (0 ms total)

[----------] Global test environment tear-down
[==========] 1 test from 1 test suite ran. (0 ms total)
[  PASSED  ] 1 test.
<end of output>
Test time =   0.01 sec
----------------------------------------------------------
Test Passed.
"StringTest.InitializerListConstructorW" end time: Nov 11 14:28 MSK
"StringTest.InitializerListConstructorW" time elapsed: 00:00:00
----------------------------------------------------------

4/80 Testing: StringTest.InitializerListConstructor
4/80 Test: StringTest.InitializerListConstructor
Command: "/home/somewhat/bmstu-cpp-works/build/bmstu-works_tests" "--gtest_filter=StringTest.InitializerListConstructor" "--gtest_also_run_disabled_tests"
Directory: /home/somewhat/bmstu-cpp-works/build
"StringTest.InitializerListConstructor" start time: Nov 11 14:28 MSK
Output:
----------------------------------------------------------
Running main() from /home/somewhat/bmstu-cpp-works/build/_deps/googletest-src/googletest/src/gtest_main.cc
Note: Google Test filter = StringTest.InitializerListConstructor
[==========] Running 1 test from 1 test suite.
[----------] Global test environment set-up.
[----------] 1 test from StringTest
[ RUN      ] StringTest.InitializerListConstructor
[       OK ] StringTest.InitializerListConstructor (0 ms)
[----------] 1 test from StringTest (0 ms total)

[----------] Global test environment tear-down
[==========] 1 test from 1 test suite ran. (0 ms total)
[  PASSED  ] 1 test.
<end of output>
Test time =   0.01 sec
----------------------------------------------------------
Test Passed.
"StringTest.InitializerListConstructor" end time: Nov 11 14:28 MSK
"StringTest.InitializerListConstructor" time elapsed: 00:00:00
----------------------------------------------------------

5/80 Testing: StringTest.InitializerListConstructorNonEmpty
5/80 Test: StringTest.InitializerListConstructorNonEmpty
Command: "/home/somewhat/bmstu-cpp-works/build/bmstu-works_tests" "--gtest_filter=StringTest.InitializerListConstructorNonEmpty" "--gtest_also_run_disabled_tests"
Directory: /home/somewhat/bmstu-cpp-works/build
"StringTest.InitializerListConstructorNonEmpty" start time: Nov 11 14:28 MSK
Output:
----------------------------------------------------------
Running main() from /home/somewhat/bmstu-cpp-works/build/_deps/googletest-src/googletest/src/gtest_main.cc
Note: Google Test filter = StringTest.InitializerListConstructorNonEmpty
[==========] Running 1 test from 1 test suite.
[----------] Global test environment set-up.
[----------] 1 test from StringTest
[ RUN      ] StringTest.InitializerListConstructorNonEmpty
[       OK ] StringTest.InitializerListConstructorNonEmpty (0 ms)
[----------] 1 test from StringTest (0 ms total)

[----------] Global test environment tear-down
[==========] 1 test from 1 test suite ran. (0 ms total)
[  PASSED  ] 1 test.
<end of output>
Test time =   0.01 sec
----------------------------------------------------------
Test Passed.
"StringTest.InitializerListConstructorNonEmpty" end time: Nov 11 14:28 MSK
"StringTest.InitializerListConstructorNonEmpty" time elapsed: 00:00:00
----------------------------------------------------------

6/80 Testing: StringTest.ConstructorSizeW
6/80 Test: StringTest.ConstructorSizeW
Command: "/home/somewhat/bmstu-cpp-works/build/bmstu-works_tests" "--gtest_filter=StringTest.ConstructorSizeW" "--gtest_also_run_disabled_tests"
Directory: /home/somewhat/bmstu-cpp-works/build
"StringTest.ConstructorSizeW" start time: Nov 11 14:28 MSK
Output:
----------------------------------------------------------
Running main() from /home/somewhat/bmstu-cpp-works/build/_deps/googletest-src/googletest/src/gtest_main.cc
Note: Google Test filter = StringTest.ConstructorSizeW
[==========] Running 1 test from 1 test suite.
[----------] Global test environment set-up.
[----------] 1 test from StringTest
[ RUN      ] StringTest.ConstructorSizeW
/home/somewhat/bmstu-cpp-works/dummy_string/string_test.cpp:172: Failure
Expected equality of these values:
  str.c_str()
    Which is: L"\x1DCF382A\x564D"
  L"          "
[  FAILED  ] StringTest.ConstructorSizeW (0 ms)
[----------] 1 test from StringTest (0 ms total)

[----------] Global test environment tear-down
[==========] 1 test from 1 test suite ran. (0 ms total)
[  PASSED  ] 0 tests.
[  FAILED  ] 1 test, listed below:
[  FAILED  ] StringTest.ConstructorSizeW

 1 FAILED TEST
<end of output>
Test time =   0.01 sec
----------------------------------------------------------
Test Failed.
"StringTest.ConstructorSizeW" end time: Nov 11 14:28 MSK
"StringTest.ConstructorSizeW" time elapsed: 00:00:00
----------------------------------------------------------

7/80 Testing: StringTest.ConstructorSize
7/80 Test: StringTest.ConstructorSize
Command: "/home/somewhat/bmstu-cpp-works/build/bmstu-works_tests" "--gtest_filter=StringTest.ConstructorSize" "--gtest_also_run_disabled_tests"
Directory: /home/somewhat/bmstu-cpp-works/build
"StringTest.ConstructorSize" start time: Nov 11 14:28 MSK
Output:
----------------------------------------------------------
Running main() from /home/somewhat/bmstu-cpp-works/build/_deps/googletest-src/googletest/src/gtest_main.cc
Note: Google Test filter = StringTest.ConstructorSize
[==========] Running 1 test from 1 test suite.
[----------] Global test environment set-up.
[----------] 1 test from StringTest
[ RUN      ] StringTest.ConstructorSize
/home/somewhat/bmstu-cpp-works/dummy_string/string_test.cpp:178: Failure
Expected equality of these values:
  str.c_str()
    Which is: ""
  "          "
[  FAILED  ] StringTest.ConstructorSize (0 ms)
[----------] 1 test from StringTest (0 ms total)

[----------] Global test environment tear-down
[==========] 1 test from 1 test suite ran. (0 ms total)
[  PASSED  ] 0 tests.
[  FAILED  ] 1 test, listed below:
[  FAILED  ] StringTest.ConstructorSize

 1 FAILED TEST
<end of output>
Test time =   0.01 sec
----------------------------------------------------------
Test Failed.
"StringTest.ConstructorSize" end time: Nov 11 14:28 MSK
"StringTest.ConstructorSize" time elapsed: 00:00:00
----------------------------------------------------------

8/80 Testing: StringTest.ConstructorSizeOne
8/80 Test: StringTest.ConstructorSizeOne
Command: "/home/somewhat/bmstu-cpp-works/build/bmstu-works_tests" "--gtest_filter=StringTest.ConstructorSizeOne" "--gtest_also_run_disabled_tests"
Directory: /home/somewhat/bmstu-cpp-works/build
"StringTest.ConstructorSizeOne" start time: Nov 11 14:28 MSK
Output:
----------------------------------------------------------
Running main() from /home/somewhat/bmstu-cpp-works/build/_deps/googletest-src/googletest/src/gtest_main.cc
Note: Google Test filter = StringTest.ConstructorSizeOne
[==========] Running 1 test from 1 test suite.
[----------] Global test environment set-up.
[----------] 1 test from StringTest
[ RUN      ] StringTest.ConstructorSizeOne
/home/somewhat/bmstu-cpp-works/dummy_string/string_test.cpp:184: Failure
Expected equality of these values:
  str.c_str()
    Which is: L""
  L" "
[  FAILED  ] StringTest.ConstructorSizeOne (0 ms)
[----------] 1 test from StringTest (0 ms total)

[----------] Global test environment tear-down
[==========] 1 test from 1 test suite ran. (0 ms total)
[  PASSED  ] 0 tests.
[  FAILED  ] 1 test, listed below:
[  FAILED  ] StringTest.ConstructorSizeOne

 1 FAILED TEST
<end of output>
Test time =   0.01 sec
----------------------------------------------------------
Test Failed.
"StringTest.ConstructorSizeOne" end time: Nov 11 14:28 MSK
"StringTest.ConstructorSizeOne" time elapsed: 00:00:00
----------------------------------------------------------

9/80 Testing: StringTest.FromCStr
9/80 Test: StringTest.FromCStr
Command: "/home/somewhat/bmstu-cpp-works/build/bmstu-works_tests" "--gtest_filter=StringTest.FromCStr" "--gtest_also_run_disabled_tests"
Directory: /home/somewhat/bmstu-cpp-works/build
"StringTest.FromCStr" start time: Nov 11 14:28 MSK
Output:
----------------------------------------------------------
Running main() from /home/somewhat/bmstu-cpp-works/build/_deps/googletest-src/googletest/src/gtest_main.cc
Note: Google Test filter = StringTest.FromCStr
[==========] Running 1 test from 1 test suite.
[----------] Global test environment set-up.
[----------] 1 test from StringTest
[ RUN      ] StringTest.FromCStr
[       OK ] StringTest.FromCStr (0 ms)
[----------] 1 test from StringTest (0 ms total)

[----------] Global test environment tear-down
[==========] 1 test from 1 test suite ran. (0 ms total)
[  PASSED  ] 1 test.
<end of output>
Test time =   0.01 sec
----------------------------------------------------------
Test Passed.
"StringTest.FromCStr" end time: Nov 11 14:28 MSK
"StringTest.FromCStr" time elapsed: 00:00:00
----------------------------------------------------------

10/80 Testing: StringTest.FromWCStr
10/80 Test: StringTest.FromWCStr
Command: "/home/somewhat/bmstu-cpp-works/build/bmstu-works_tests" "--gtest_filter=StringTest.FromWCStr" "--gtest_also_run_disabled_tests"
Directory: /home/somewhat/bmstu-cpp-works/build
"StringTest.FromWCStr" start time: Nov 11 14:28 MSK
Output:
----------------------------------------------------------
Running main() from /home/somewhat/bmstu-cpp-works/build/_deps/googletest-src/googletest/src/gtest_main.cc
Note: Google Test filter = StringTest.FromWCStr
[==========] Running 1 test from 1 test suite.
[----------] Global test environment set-up.
[----------] 1 test from StringTest
[ RUN      ] StringTest.FromWCStr
[       OK ] StringTest.FromWCStr (0 ms)
[----------] 1 test from StringTest (0 ms total)

[----------] Global test environment tear-down
[==========] 1 test from 1 test suite ran. (0 ms total)
[  PASSED  ] 1 test.
<end of output>
Test time =   0.01 sec
----------------------------------------------------------
Test Passed.
"StringTest.FromWCStr" end time: Nov 11 14:28 MSK
"StringTest.FromWCStr" time elapsed: 00:00:00
----------------------------------------------------------

11/80 Testing: StringTest.FromWCStrSymbol
11/80 Test: StringTest.FromWCStrSymbol
Command: "/home/somewhat/bmstu-cpp-works/build/bmstu-works_tests" "--gtest_filter=StringTest.FromWCStrSymbol" "--gtest_also_run_disabled_tests"
Directory: /home/somewhat/bmstu-cpp-works/build
"StringTest.FromWCStrSymbol" start time: Nov 11 14:28 MSK
Output:
----------------------------------------------------------
Running main() from /home/somewhat/bmstu-cpp-works/build/_deps/googletest-src/googletest/src/gtest_main.cc
Note: Google Test filter = StringTest.FromWCStrSymbol
[==========] Running 1 test from 1 test suite.
[----------] Global test environment set-up.
[----------] 1 test from StringTest
[ RUN      ] StringTest.FromWCStrSymbol
[       OK ] StringTest.FromWCStrSymbol (0 ms)
[----------] 1 test from StringTest (0 ms total)

[----------] Global test environment tear-down
[==========] 1 test from 1 test suite ran. (0 ms total)
[  PASSED  ] 1 test.
<end of output>
Test time =   0.01 sec
----------------------------------------------------------
Test Passed.
"StringTest.FromWCStrSymbol" end time: Nov 11 14:28 MSK
"StringTest.FromWCStrSymbol" time elapsed: 00:00:00
----------------------------------------------------------

12/80 Testing: StringTest.USymbolsW
12/80 Test: StringTest.USymbolsW
Command: "/home/somewhat/bmstu-cpp-works/build/bmstu-works_tests" "--gtest_filter=StringTest.USymbolsW" "--gtest_also_run_disabled_tests"
Directory: /home/somewhat/bmstu-cpp-works/build
"StringTest.USymbolsW" start time: Nov 11 14:28 MSK
Output:
----------------------------------------------------------
Running main() from /home/somewhat/bmstu-cpp-works/build/_deps/googletest-src/googletest/src/gtest_main.cc
Note: Google Test filter = StringTest.USymbolsW
[==========] Running 1 test from 1 test suite.
[----------] Global test environment set-up.
[----------] 1 test from StringTest
[ RUN      ] StringTest.USymbolsW
[       OK ] StringTest.USymbolsW (0 ms)
[----------] 1 test from StringTest (0 ms total)

[----------] Global test environment tear-down
[==========] 1 test from 1 test suite ran. (0 ms total)
[  PASSED  ] 1 test.
<end of output>
Test time =   0.01 sec
----------------------------------------------------------
Test Passed.
"StringTest.USymbolsW" end time: Nov 11 14:28 MSK
"StringTest.USymbolsW" time elapsed: 00:00:00
----------------------------------------------------------

13/80 Testing: StringTest.USymbol
13/80 Test: StringTest.USymbol
Command: "/home/somewhat/bmstu-cpp-works/build/bmstu-works_tests" "--gtest_filter=StringTest.USymbol" "--gtest_also_run_disabled_tests"
Directory: /home/somewhat/bmstu-cpp-works/build
"StringTest.USymbol" start time: Nov 11 14:28 MSK
Output:
----------------------------------------------------------
Running main() from /home/somewhat/bmstu-cpp-works/build/_deps/googletest-src/googletest/src/gtest_main.cc
Note: Google Test filter = StringTest.USymbol
[==========] Running 1 test from 1 test suite.
[----------] Global test environment set-up.
[----------] 1 test from StringTest
[ RUN      ] StringTest.USymbol
[       OK ] StringTest.USymbol (0 ms)
[----------] 1 test from StringTest (0 ms total)

[----------] Global test environment tear-down
[==========] 1 test from 1 test suite ran. (0 ms total)
[  PASSED  ] 1 test.
<end of output>
Test time =   0.01 sec
----------------------------------------------------------
Test Passed.
"StringTest.USymbol" end time: Nov 11 14:28 MSK
"StringTest.USymbol" time elapsed: 00:00:00
----------------------------------------------------------

14/80 Testing: StringTest.USymbols
14/80 Test: StringTest.USymbols
Command: "/home/somewhat/bmstu-cpp-works/build/bmstu-works_tests" "--gtest_filter=StringTest.USymbols" "--gtest_also_run_disabled_tests"
Directory: /home/somewhat/bmstu-cpp-works/build
"StringTest.USymbols" start time: Nov 11 14:28 MSK
Output:
----------------------------------------------------------
Running main() from /home/somewhat/bmstu-cpp-works/build/_deps/googletest-src/googletest/src/gtest_main.cc
Note: Google Test filter = StringTest.USymbols
[==========] Running 1 test from 1 test suite.
[----------] Global test environment set-up.
[----------] 1 test from StringTest
[ RUN      ] StringTest.USymbols
[       OK ] StringTest.USymbols (0 ms)
[----------] 1 test from StringTest (0 ms total)

[----------] Global test environment tear-down
[==========] 1 test from 1 test suite ran. (0 ms total)
[  PASSED  ] 1 test.
<end of output>
Test time =   0.01 sec
----------------------------------------------------------
Test Passed.
"StringTest.USymbols" end time: Nov 11 14:28 MSK
"StringTest.USymbols" time elapsed: 00:00:00
----------------------------------------------------------

15/80 Testing: StringTest.Empty
15/80 Test: StringTest.Empty
Command: "/home/somewhat/bmstu-cpp-works/build/bmstu-works_tests" "--gtest_filter=StringTest.Empty" "--gtest_also_run_disabled_tests"
Directory: /home/somewhat/bmstu-cpp-works/build
"StringTest.Empty" start time: Nov 11 14:28 MSK
Output:
----------------------------------------------------------
Running main() from /home/somewhat/bmstu-cpp-works/build/_deps/googletest-src/googletest/src/gtest_main.cc
Note: Google Test filter = StringTest.Empty
[==========] Running 1 test from 1 test suite.
[----------] Global test environment set-up.
[----------] 1 test from StringTest
[ RUN      ] StringTest.Empty
[       OK ] StringTest.Empty (0 ms)
[----------] 1 test from StringTest (0 ms total)

[----------] Global test environment tear-down
[==========] 1 test from 1 test suite ran. (0 ms total)
[  PASSED  ] 1 test.
<end of output>
Test time =   0.01 sec
----------------------------------------------------------
Test Passed.
"StringTest.Empty" end time: Nov 11 14:28 MSK
"StringTest.Empty" time elapsed: 00:00:00
----------------------------------------------------------

16/80 Testing: StringTest.EmptyW
16/80 Test: StringTest.EmptyW
Command: "/home/somewhat/bmstu-cpp-works/build/bmstu-works_tests" "--gtest_filter=StringTest.EmptyW" "--gtest_also_run_disabled_tests"
Directory: /home/somewhat/bmstu-cpp-works/build
"StringTest.EmptyW" start time: Nov 11 14:28 MSK
Output:
----------------------------------------------------------
Running main() from /home/somewhat/bmstu-cpp-works/build/_deps/googletest-src/googletest/src/gtest_main.cc
Note: Google Test filter = StringTest.EmptyW
[==========] Running 1 test from 1 test suite.
[----------] Global test environment set-up.
[----------] 1 test from StringTest
[ RUN      ] StringTest.EmptyW
[       OK ] StringTest.EmptyW (0 ms)
[----------] 1 test from StringTest (0 ms total)

[----------] Global test environment tear-down
[==========] 1 test from 1 test suite ran. (0 ms total)
[  PASSED  ] 1 test.
<end of output>
Test time =   0.01 sec
----------------------------------------------------------
Test Passed.
"StringTest.EmptyW" end time: Nov 11 14:28 MSK
"StringTest.EmptyW" time elapsed: 00:00:00
----------------------------------------------------------

17/80 Testing: StringTest.CopyAssignW
17/80 Test: StringTest.CopyAssignW
Command: "/home/somewhat/bmstu-cpp-works/build/bmstu-works_tests" "--gtest_filter=StringTest.CopyAssignW" "--gtest_also_run_disabled_tests"
Directory: /home/somewhat/bmstu-cpp-works/build
"StringTest.CopyAssignW" start time: Nov 11 14:28 MSK
Output:
----------------------------------------------------------
Running main() from /home/somewhat/bmstu-cpp-works/build/_deps/googletest-src/googletest/src/gtest_main.cc
Note: Google Test filter = StringTest.CopyAssignW
[==========] Running 1 test from 1 test suite.
[----------] Global test environment set-up.
[----------] 1 test from StringTest
[ RUN      ] StringTest.CopyAssignW
[       OK ] StringTest.CopyAssignW (0 ms)
[----------] 1 test from StringTest (0 ms total)

[----------] Global test environment tear-down
[==========] 1 test from 1 test suite ran. (0 ms total)
[  PASSED  ] 1 test.
<end of output>
Test time =   0.01 sec
----------------------------------------------------------
Test Passed.
"StringTest.CopyAssignW" end time: Nov 11 14:28 MSK
"StringTest.CopyAssignW" time elapsed: 00:00:00
----------------------------------------------------------

18/80 Testing: StringTest.CopyConstructor
18/80 Test: StringTest.CopyConstructor
Command: "/home/somewhat/bmstu-cpp-works/build/bmstu-works_tests" "--gtest_filter=StringTest.CopyConstructor" "--gtest_also_run_disabled_tests"
Directory: /home/somewhat/bmstu-cpp-works/build
"StringTest.CopyConstructor" start time: Nov 11 14:28 MSK
Output:
----------------------------------------------------------
Running main() from /home/somewhat/bmstu-cpp-works/build/_deps/googletest-src/googletest/src/gtest_main.cc
Note: Google Test filter = StringTest.CopyConstructor
[==========] Running 1 test from 1 test suite.
[----------] Global test environment set-up.
[----------] 1 test from StringTest
[ RUN      ] StringTest.CopyConstructor
[       OK ] StringTest.CopyConstructor (0 ms)
[----------] 1 test from StringTest (0 ms total)

[----------] Global test environment tear-down
[==========] 1 test from 1 test suite ran. (0 ms total)
[  PASSED  ] 1 test.
<end of output>
Test time =   0.01 sec
----------------------------------------------------------
Test Passed.
"StringTest.CopyConstructor" end time: Nov 11 14:28 MSK
"StringTest.CopyConstructor" time elapsed: 00:00:00
----------------------------------------------------------

19/80 Testing: StringTest.CopyAssignConstructor
19/80 Test: StringTest.CopyAssignConstructor
Command: "/home/somewhat/bmstu-cpp-works/build/bmstu-works_tests" "--gtest_filter=StringTest.CopyAssignConstructor" "--gtest_also_run_disabled_tests"
Directory: /home/somewhat/bmstu-cpp-works/build
"StringTest.CopyAssignConstructor" start time: Nov 11 14:28 MSK
Output:
----------------------------------------------------------
Running main() from /home/somewhat/bmstu-cpp-works/build/_deps/googletest-src/googletest/src/gtest_main.cc
Note: Google Test filter = StringTest.CopyAssignConstructor
[==========] Running 1 test from 1 test suite.
[----------] Global test environment set-up.
[----------] 1 test from StringTest
[ RUN      ] StringTest.CopyAssignConstructor
[       OK ] StringTest.CopyAssignConstructor (0 ms)
[----------] 1 test from StringTest (0 ms total)

[----------] Global test environment tear-down
[==========] 1 test from 1 test suite ran. (0 ms total)
[  PASSED  ] 1 test.
<end of output>
Test time =   0.01 sec
----------------------------------------------------------
Test Passed.
"StringTest.CopyAssignConstructor" end time: Nov 11 14:28 MSK
"StringTest.CopyAssignConstructor" time elapsed: 00:00:00
----------------------------------------------------------

20/80 Testing: StringTest.MoveAssignConstructor
20/80 Test: StringTest.MoveAssignConstructor
Command: "/home/somewhat/bmstu-cpp-works/build/bmstu-works_tests" "--gtest_filter=StringTest.MoveAssignConstructor" "--gtest_also_run_disabled_tests"
Directory: /home/somewhat/bmstu-cpp-works/build
"StringTest.MoveAssignConstructor" start time: Nov 11 14:28 MSK
Output:
----------------------------------------------------------
Running main() from /home/somewhat/bmstu-cpp-works/build/_deps/googletest-src/googletest/src/gtest_main.cc
Note: Google Test filter = StringTest.MoveAssignConstructor
[==========] Running 1 test from 1 test suite.
[----------] Global test environment set-up.
[----------] 1 test from StringTest
[ RUN      ] StringTest.MoveAssignConstructor
/home/somewhat/bmstu-cpp-works/dummy_string/string_test.cpp:270: Failure
Expected equality of these values:
  str2.c_str()
    Which is: ""
  "str"
[  FAILED  ] StringTest.MoveAssignConstructor (0 ms)
[----------] 1 test from StringTest (0 ms total)

[----------] Global test environment tear-down
[==========] 1 test from 1 test suite ran. (0 ms total)
[  PASSED  ] 0 tests.
[  FAILED  ] 1 test, listed below:
[  FAILED  ] StringTest.MoveAssignConstructor

 1 FAILED TEST
<end of output>
Test time =   0.01 sec
----------------------------------------------------------
Test Failed.
"StringTest.MoveAssignConstructor" end time: Nov 11 14:28 MSK
"StringTest.MoveAssignConstructor" time elapsed: 00:00:00
----------------------------------------------------------

21/80 Testing: StringTest.MoveAssignConstructor2
21/80 Test: StringTest.MoveAssignConstructor2
Command: "/home/somewhat/bmstu-cpp-works/build/bmstu-works_tests" "--gtest_filter=StringTest.MoveAssignConstructor2" "--gtest_also_run_disabled_tests"
Directory: /home/somewhat/bmstu-cpp-works/build
"StringTest.MoveAssignConstructor2" start time: Nov 11 14:28 MSK
Output:
----------------------------------------------------------
Running main() from /home/somewhat/bmstu-cpp-works/build/_deps/googletest-src/googletest/src/gtest_main.cc
Note: Google Test filter = StringTest.MoveAssignConstructor2
[==========] Running 1 test from 1 test suite.
[----------] Global test environment set-up.
[----------] 1 test from StringTest
[ RUN      ] StringTest.MoveAssignConstructor2
/home/somewhat/bmstu-cpp-works/dummy_string/string_test.cpp:281: Failure
Expected equality of these values:
  str2.c_str()
    Which is: ""
  "str"
[  FAILED  ] StringTest.MoveAssignConstructor2 (0 ms)
[----------] 1 test from StringTest (0 ms total)

[----------] Global test environment tear-down
[==========] 1 test from 1 test suite ran. (0 ms total)
[  PASSED  ] 0 tests.
[  FAILED  ] 1 test, listed below:
[  FAILED  ] StringTest.MoveAssignConstructor2

 1 FAILED TEST
<end of output>
Test time =   0.01 sec
----------------------------------------------------------
Test Failed.
"StringTest.MoveAssignConstructor2" end time: Nov 11 14:28 MSK
"StringTest.MoveAssignConstructor2" time elapsed: 00:00:00
----------------------------------------------------------

22/80 Testing: StringTest.CopyAssignConstructor2
22/80 Test: StringTest.CopyAssignConstructor2
Command: "/home/somewhat/bmstu-cpp-works/build/bmstu-works_tests" "--gtest_filter=StringTest.CopyAssignConstructor2" "--gtest_also_run_disabled_tests"
Directory: /home/somewhat/bmstu-cpp-works/build
"StringTest.CopyAssignConstructor2" start time: Nov 11 14:28 MSK
Output:
----------------------------------------------------------
Running main() from /home/somewhat/bmstu-cpp-works/build/_deps/googletest-src/googletest/src/gtest_main.cc
Note: Google Test filter = StringTest.CopyAssignConstructor2
[==========] Running 1 test from 1 test suite.
[----------] Global test environment set-up.
[----------] 1 test from StringTest
[ RUN      ] StringTest.CopyAssignConstructor2
/home/somewhat/bmstu-cpp-works/dummy_string/string_test.cpp:292: Failure
Expected equality of these values:
  str2.c_str()
    Which is: ""
  "str"
[  FAILED  ] StringTest.CopyAssignConstructor2 (0 ms)
[----------] 1 test from StringTest (0 ms total)

[----------] Global test environment tear-down
[==========] 1 test from 1 test suite ran. (0 ms total)
[  PASSED  ] 0 tests.
[  FAILED  ] 1 test, listed below:
[  FAILED  ] StringTest.CopyAssignConstructor2

 1 FAILED TEST
<end of output>
Test time =   0.01 sec
----------------------------------------------------------
Test Failed.
"StringTest.CopyAssignConstructor2" end time: Nov 11 14:28 MSK
"StringTest.CopyAssignConstructor2" time elapsed: 00:00:00
----------------------------------------------------------

23/80 Testing: StringTest.MoveAssignConstructorW
23/80 Test: StringTest.MoveAssignConstructorW
Command: "/home/somewhat/bmstu-cpp-works/build/bmstu-works_tests" "--gtest_filter=StringTest.MoveAssignConstructorW" "--gtest_also_run_disabled_tests"
Directory: /home/somewhat/bmstu-cpp-works/build
"StringTest.MoveAssignConstructorW" start time: Nov 11 14:28 MSK
Output:
----------------------------------------------------------
Running main() from /home/somewhat/bmstu-cpp-works/build/_deps/googletest-src/googletest/src/gtest_main.cc
Note: Google Test filter = StringTest.MoveAssignConstructorW
[==========] Running 1 test from 1 test suite.
[----------] Global test environment set-up.
[----------] 1 test from StringTest
[ RUN      ] StringTest.MoveAssignConstructorW
[       OK ] StringTest.MoveAssignConstructorW (0 ms)
[----------] 1 test from StringTest (0 ms total)

[----------] Global test environment tear-down
[==========] 1 test from 1 test suite ran. (0 ms total)
[  PASSED  ] 1 test.
<end of output>
Test time =   0.01 sec
----------------------------------------------------------
Test Passed.
"StringTest.MoveAssignConstructorW" end time: Nov 11 14:28 MSK
"StringTest.MoveAssignConstructorW" time elapsed: 00:00:00
----------------------------------------------------------

24/80 Testing: StringTest.CStrCopyAssign
24/80 Test: StringTest.CStrCopyAssign
Command: "/home/somewhat/bmstu-cpp-works/build/bmstu-works_tests" "--gtest_filter=StringTest.CStrCopyAssign" "--gtest_also_run_disabled_tests"
Directory: /home/somewhat/bmstu-cpp-works/build
"StringTest.CStrCopyAssign" start time: Nov 11 14:28 MSK
Output:
----------------------------------------------------------
Running main() from /home/somewhat/bmstu-cpp-works/build/_deps/googletest-src/googletest/src/gtest_main.cc
Note: Google Test filter = StringTest.CStrCopyAssign
[==========] Running 1 test from 1 test suite.
[----------] Global test environment set-up.
[----------] 1 test from StringTest
[ RUN      ] StringTest.CStrCopyAssign
[       OK ] StringTest.CStrCopyAssign (0 ms)
[----------] 1 test from StringTest (0 ms total)

[----------] Global test environment tear-down
[==========] 1 test from 1 test suite ran. (0 ms total)
[  PASSED  ] 1 test.
<end of output>
Test time =   0.01 sec
----------------------------------------------------------
Test Passed.
"StringTest.CStrCopyAssign" end time: Nov 11 14:28 MSK
"StringTest.CStrCopyAssign" time elapsed: 00:00:00
----------------------------------------------------------

25/80 Testing: StringTest.CStrCopyAssignW
25/80 Test: StringTest.CStrCopyAssignW
Command: "/home/somewhat/bmstu-cpp-works/build/bmstu-works_tests" "--gtest_filter=StringTest.CStrCopyAssignW" "--gtest_also_run_disabled_tests"
Directory: /home/somewhat/bmstu-cpp-works/build
"StringTest.CStrCopyAssignW" start time: Nov 11 14:28 MSK
Output:
----------------------------------------------------------
Running main() from /home/somewhat/bmstu-cpp-works/build/_deps/googletest-src/googletest/src/gtest_main.cc
Note: Google Test filter = StringTest.CStrCopyAssignW
[==========] Running 1 test from 1 test suite.
[----------] Global test environment set-up.
[----------] 1 test from StringTest
[ RUN      ] StringTest.CStrCopyAssignW
/home/somewhat/bmstu-cpp-works/dummy_string/string_test.cpp:316: Failure
Expected equality of these values:
  b_str.c_str()
    Which is: L"\x56E8756C\x5"
  str
    Which is: L"\x41F\x440\x43E\x441\x442\x430\x44F \x441\x442\x440\x43E\x43A\x430"
[  FAILED  ] StringTest.CStrCopyAssignW (0 ms)
[----------] 1 test from StringTest (0 ms total)

[----------] Global test environment tear-down
[==========] 1 test from 1 test suite ran. (0 ms total)
[  PASSED  ] 0 tests.
[  FAILED  ] 1 test, listed below:
[  FAILED  ] StringTest.CStrCopyAssignW

 1 FAILED TEST
<end of output>
Test time =   0.01 sec
----------------------------------------------------------
Test Failed.
"StringTest.CStrCopyAssignW" end time: Nov 11 14:28 MSK
"StringTest.CStrCopyAssignW" time elapsed: 00:00:00
----------------------------------------------------------

26/80 Testing: StringTest.AssignCStr
26/80 Test: StringTest.AssignCStr
Command: "/home/somewhat/bmstu-cpp-works/build/bmstu-works_tests" "--gtest_filter=StringTest.AssignCStr" "--gtest_also_run_disabled_tests"
Directory: /home/somewhat/bmstu-cpp-works/build
"StringTest.AssignCStr" start time: Nov 11 14:28 MSK
Output:
----------------------------------------------------------
Running main() from /home/somewhat/bmstu-cpp-works/build/_deps/googletest-src/googletest/src/gtest_main.cc
Note: Google Test filter = StringTest.AssignCStr
[==========] Running 1 test from 1 test suite.
[----------] Global test environment set-up.
[----------] 1 test from StringTest
[ RUN      ] StringTest.AssignCStr
[       OK ] StringTest.AssignCStr (0 ms)
[----------] 1 test from StringTest (0 ms total)

[----------] Global test environment tear-down
[==========] 1 test from 1 test suite ran. (0 ms total)
[  PASSED  ] 1 test.
<end of output>
Test time =   0.01 sec
----------------------------------------------------------
Test Passed.
"StringTest.AssignCStr" end time: Nov 11 14:28 MSK
"StringTest.AssignCStr" time elapsed: 00:00:00
----------------------------------------------------------

27/80 Testing: StringTest.ConcatOpW
27/80 Test: StringTest.ConcatOpW
Command: "/home/somewhat/bmstu-cpp-works/build/bmstu-works_tests" "--gtest_filter=StringTest.ConcatOpW" "--gtest_also_run_disabled_tests"
Directory: /home/somewhat/bmstu-cpp-works/build
"StringTest.ConcatOpW" start time: Nov 11 14:28 MSK
Output:
----------------------------------------------------------
Running main() from /home/somewhat/bmstu-cpp-works/build/_deps/googletest-src/googletest/src/gtest_main.cc
Note: Google Test filter = StringTest.ConcatOpW
[==========] Running 1 test from 1 test suite.
[----------] Global test environment set-up.
[----------] 1 test from StringTest
[ RUN      ] StringTest.ConcatOpW
[       OK ] StringTest.ConcatOpW (0 ms)
[----------] 1 test from StringTest (0 ms total)

[----------] Global test environment tear-down
[==========] 1 test from 1 test suite ran. (0 ms total)
[  PASSED  ] 1 test.
<end of output>
Test time =   0.01 sec
----------------------------------------------------------
Test Passed.
"StringTest.ConcatOpW" end time: Nov 11 14:28 MSK
"StringTest.ConcatOpW" time elapsed: 00:00:00
----------------------------------------------------------

28/80 Testing: StringTest.ConcatOp
28/80 Test: StringTest.ConcatOp
Command: "/home/somewhat/bmstu-cpp-works/build/bmstu-works_tests" "--gtest_filter=StringTest.ConcatOp" "--gtest_also_run_disabled_tests"
Directory: /home/somewhat/bmstu-cpp-works/build
"StringTest.ConcatOp" start time: Nov 11 14:28 MSK
Output:
----------------------------------------------------------
Running main() from /home/somewhat/bmstu-cpp-works/build/_deps/googletest-src/googletest/src/gtest_main.cc
Note: Google Test filter = StringTest.ConcatOp
[==========] Running 1 test from 1 test suite.
[----------] Global test environment set-up.
[----------] 1 test from StringTest
[ RUN      ] StringTest.ConcatOp
[       OK ] StringTest.ConcatOp (0 ms)
[----------] 1 test from StringTest (0 ms total)

[----------] Global test environment tear-down
[==========] 1 test from 1 test suite ran. (0 ms total)
[  PASSED  ] 1 test.
<end of output>
Test time =   0.01 sec
----------------------------------------------------------
Test Passed.
"StringTest.ConcatOp" end time: Nov 11 14:28 MSK
"StringTest.ConcatOp" time elapsed: 00:00:00
----------------------------------------------------------

29/80 Testing: StringTest.OStream
29/80 Test: StringTest.OStream
Command: "/home/somewhat/bmstu-cpp-works/build/bmstu-works_tests" "--gtest_filter=StringTest.OStream" "--gtest_also_run_disabled_tests"
Directory: /home/somewhat/bmstu-cpp-works/build
"StringTest.OStream" start time: Nov 11 14:28 MSK
Output:
----------------------------------------------------------
Running main() from /home/somewhat/bmstu-cpp-works/build/_deps/googletest-src/googletest/src/gtest_main.cc
Note: Google Test filter = StringTest.OStream
[==========] Running 1 test from 1 test suite.
[----------] Global test environment set-up.
[----------] 1 test from StringTest
[ RUN      ] StringTest.OStream
[       OK ] StringTest.OStream (0 ms)
[----------] 1 test from StringTest (0 ms total)

[----------] Global test environment tear-down
[==========] 1 test from 1 test suite ran. (0 ms total)
[  PASSED  ] 1 test.
<end of output>
Test time =   0.01 sec
----------------------------------------------------------
Test Passed.
"StringTest.OStream" end time: Nov 11 14:28 MSK
"StringTest.OStream" time elapsed: 00:00:00
----------------------------------------------------------

30/80 Testing: StringTest.OStreamW
30/80 Test: StringTest.OStreamW
Command: "/home/somewhat/bmstu-cpp-works/build/bmstu-works_tests" "--gtest_filter=StringTest.OStreamW" "--gtest_also_run_disabled_tests"
Directory: /home/somewhat/bmstu-cpp-works/build
"StringTest.OStreamW" start time: Nov 11 14:28 MSK
Output:
----------------------------------------------------------
Running main() from /home/somewhat/bmstu-cpp-works/build/_deps/googletest-src/googletest/src/gtest_main.cc
Note: Google Test filter = StringTest.OStreamW
[==========] Running 1 test from 1 test suite.
[----------] Global test environment set-up.
[----------] 1 test from StringTest
[ RUN      ] StringTest.OStreamW
[       OK ] StringTest.OStreamW (0 ms)
[----------] 1 test from StringTest (0 ms total)

[----------] Global test environment tear-down
[==========] 1 test from 1 test suite ran. (0 ms total)
[  PASSED  ] 1 test.
<end of output>
Test time =   0.01 sec
----------------------------------------------------------
Test Passed.
"StringTest.OStreamW" end time: Nov 11 14:28 MSK
"StringTest.OStreamW" time elapsed: 00:00:00
----------------------------------------------------------

31/80 Testing: StringTest.IStream
31/80 Test: StringTest.IStream
Command: "/home/somewhat/bmstu-cpp-works/build/bmstu-works_tests" "--gtest_filter=StringTest.IStream" "--gtest_also_run_disabled_tests"
Directory: /home/somewhat/bmstu-cpp-works/build
"StringTest.IStream" start time: Nov 11 14:28 MSK
Output:
----------------------------------------------------------
Running main() from /home/somewhat/bmstu-cpp-works/build/_deps/googletest-src/googletest/src/gtest_main.cc
Note: Google Test filter = StringTest.IStream
[==========] Running 1 test from 1 test suite.
[----------] Global test environment set-up.
[----------] 1 test from StringTest
[ RUN      ] StringTest.IStream
/home/somewhat/bmstu-cpp-works/dummy_string/string_test.cpp:358: Failure
Expected equality of these values:
  a_str.c_str()
    Which is: "Value"
  "Value of"
[  FAILED  ] StringTest.IStream (0 ms)
[----------] 1 test from StringTest (0 ms total)

[----------] Global test environment tear-down
[==========] 1 test from 1 test suite ran. (0 ms total)
[  PASSED  ] 0 tests.
[  FAILED  ] 1 test, listed below:
[  FAILED  ] StringTest.IStream

 1 FAILED TEST
<end of output>
Test time =   0.01 sec
----------------------------------------------------------
Test Failed.
"StringTest.IStream" end time: Nov 11 14:28 MSK
"StringTest.IStream" time elapsed: 00:00:00
----------------------------------------------------------

32/80 Testing: StringTest.IStreamW
32/80 Test: StringTest.IStreamW
Command: "/home/somewhat/bmstu-cpp-works/build/bmstu-works_tests" "--gtest_filter=StringTest.IStreamW" "--gtest_also_run_disabled_tests"
Directory: /home/somewhat/bmstu-cpp-works/build
"StringTest.IStreamW" start time: Nov 11 14:28 MSK
Output:
----------------------------------------------------------
Running main() from /home/somewhat/bmstu-cpp-works/build/_deps/googletest-src/googletest/src/gtest_main.cc
Note: Google Test filter = StringTest.IStreamW
[==========] Running 1 test from 1 test suite.
[----------] Global test environment set-up.
[----------] 1 test from StringTest
[ RUN      ] StringTest.IStreamW
/home/somewhat/bmstu-cpp-works/dummy_string/string_test.cpp:366: Failure
Expected equality of these values:
  a_str.c_str()
    Which is: L"Value"
  L"Value of"
[  FAILED  ] StringTest.IStreamW (0 ms)
[----------] 1 test from StringTest (0 ms total)

[----------] Global test environment tear-down
[==========] 1 test from 1 test suite ran. (0 ms total)
[  PASSED  ] 0 tests.
[  FAILED  ] 1 test, listed below:
[  FAILED  ] StringTest.IStreamW

 1 FAILED TEST
<end of output>
Test time =   0.01 sec
----------------------------------------------------------
Test Failed.
"StringTest.IStreamW" end time: Nov 11 14:28 MSK
"StringTest.IStreamW" time elapsed: 00:00:00
----------------------------------------------------------

33/80 Testing: StringTest.IStreamWNewLine
33/80 Test: StringTest.IStreamWNewLine
Command: "/home/somewhat/bmstu-cpp-works/build/bmstu-works_tests" "--gtest_filter=StringTest.IStreamWNewLine" "--gtest_also_run_disabled_tests"
Directory: /home/somewhat/bmstu-cpp-works/build
"StringTest.IStreamWNewLine" start time: Nov 11 14:28 MSK
Output:
----------------------------------------------------------
Running main() from /home/somewhat/bmstu-cpp-works/build/_deps/googletest-src/googletest/src/gtest_main.cc
Note: Google Test filter = StringTest.IStreamWNewLine
[==========] Running 1 test from 1 test suite.
[----------] Global test environment set-up.
[----------] 1 test from StringTest
[ RUN      ] StringTest.IStreamWNewLine
[       OK ] StringTest.IStreamWNewLine (0 ms)
[----------] 1 test from StringTest (0 ms total)

[----------] Global test environment tear-down
[==========] 1 test from 1 test suite ran. (0 ms total)
[  PASSED  ] 1 test.
<end of output>
Test time =   0.01 sec
----------------------------------------------------------
Test Passed.
"StringTest.IStreamWNewLine" end time: Nov 11 14:28 MSK
"StringTest.IStreamWNewLine" time elapsed: 00:00:00
----------------------------------------------------------

34/80 Testing: StringTest.ConcatSymbol
34/80 Test: StringTest.ConcatSymbol
Command: "/home/somewhat/bmstu-cpp-works/build/bmstu-works_tests" "--gtest_filter=StringTest.ConcatSymbol" "--gtest_also_run_disabled_tests"
Directory: /home/somewhat/bmstu-cpp-works/build
"StringTest.ConcatSymbol" start time: Nov 11 14:28 MSK
Output:
----------------------------------------------------------
Running main() from /home/somewhat/bmstu-cpp-works/build/_deps/googletest-src/googletest/src/gtest_main.cc
Note: Google Test filter = StringTest.ConcatSymbol
[==========] Running 1 test from 1 test suite.
[----------] Global test environment set-up.
[----------] 1 test from StringTest
[ RUN      ] StringTest.ConcatSymbol
[       OK ] StringTest.ConcatSymbol (0 ms)
[----------] 1 test from StringTest (0 ms total)

[----------] Global test environment tear-down
[==========] 1 test from 1 test suite ran. (0 ms total)
[  PASSED  ] 1 test.
<end of output>
Test time =   0.01 sec
----------------------------------------------------------
Test Passed.
"StringTest.ConcatSymbol" end time: Nov 11 14:28 MSK
"StringTest.ConcatSymbol" time elapsed: 00:00:00
----------------------------------------------------------

35/80 Testing: StringTest.Item
35/80 Test: StringTest.Item
Command: "/home/somewhat/bmstu-cpp-works/build/bmstu-works_tests" "--gtest_filter=StringTest.Item" "--gtest_also_run_disabled_tests"
Directory: /home/somewhat/bmstu-cpp-works/build
"StringTest.Item" start time: Nov 11 14:28 MSK
Output:
----------------------------------------------------------
Running main() from /home/somewhat/bmstu-cpp-works/build/_deps/googletest-src/googletest/src/gtest_main.cc
Note: Google Test filter = StringTest.Item
[==========] Running 1 test from 1 test suite.
[----------] Global test environment set-up.
[----------] 1 test from StringTest
[ RUN      ] StringTest.Item
[       OK ] StringTest.Item (0 ms)
[----------] 1 test from StringTest (0 ms total)

[----------] Global test environment tear-down
[==========] 1 test from 1 test suite ran. (0 ms total)
[  PASSED  ] 1 test.
<end of output>
Test time =   0.01 sec
----------------------------------------------------------
Test Passed.
"StringTest.Item" end time: Nov 11 14:28 MSK
"StringTest.Item" time elapsed: 00:00:00
----------------------------------------------------------

36/80 Testing: ConvertToOctalStringTest.PositiveNumber
36/80 Test: ConvertToOctalStringTest.PositiveNumber
Command: "/home/somewhat/bmstu-cpp-works/build/bmstu-works_tests" "--gtest_filter=ConvertToOctalStringTest.PositiveNumber" "--gtest_also_run_disabled_tests"
Directory: /home/somewhat/bmstu-cpp-works/build
"ConvertToOctalStringTest.PositiveNumber" start time: Nov 11 14:28 MSK
Output:
----------------------------------------------------------
Running main() from /home/somewhat/bmstu-cpp-works/build/_deps/googletest-src/googletest/src/gtest_main.cc
Note: Google Test filter = ConvertToOctalStringTest.PositiveNumber
[==========] Running 1 test from 1 test suite.
[----------] Global test environment set-up.
[----------] 1 test from ConvertToOctalStringTest
[ RUN      ] ConvertToOctalStringTest.PositiveNumber
[       OK ] ConvertToOctalStringTest.PositiveNumber (0 ms)
[----------] 1 test from ConvertToOctalStringTest (0 ms total)

[----------] Global test environment tear-down
[==========] 1 test from 1 test suite ran. (0 ms total)
[  PASSED  ] 1 test.
<end of output>
Test time =   0.01 sec
----------------------------------------------------------
Test Passed.
"ConvertToOctalStringTest.PositiveNumber" end time: Nov 11 14:28 MSK
"ConvertToOctalStringTest.PositiveNumber" time elapsed: 00:00:00
----------------------------------------------------------

37/80 Testing: ConvertToOctalStringTest.NegativeNumber
37/80 Test: ConvertToOctalStringTest.NegativeNumber
Command: "/home/somewhat/bmstu-cpp-works/build/bmstu-works_tests" "--gtest_filter=ConvertToOctalStringTest.NegativeNumber" "--gtest_also_run_disabled_tests"
Directory: /home/somewhat/bmstu-cpp-works/build
"ConvertToOctalStringTest.NegativeNumber" start time: Nov 11 14:28 MSK
Output:
----------------------------------------------------------
Running main() from /home/somewhat/bmstu-cpp-works/build/_deps/googletest-src/googletest/src/gtest_main.cc
Note: Google Test filter = ConvertToOctalStringTest.NegativeNumber
[==========] Running 1 test from 1 test suite.
[----------] Global test environment set-up.
[----------] 1 test from ConvertToOctalStringTest
[ RUN      ] ConvertToOctalStringTest.NegativeNumber
[       OK ] ConvertToOctalStringTest.NegativeNumber (0 ms)
[----------] 1 test from ConvertToOctalStringTest (0 ms total)

[----------] Global test environment tear-down
[==========] 1 test from 1 test suite ran. (0 ms total)
[  PASSED  ] 1 test.
<end of output>
Test time =   0.01 sec
----------------------------------------------------------
Test Passed.
"ConvertToOctalStringTest.NegativeNumber" end time: Nov 11 14:28 MSK
"ConvertToOctalStringTest.NegativeNumber" time elapsed: 00:00:00
----------------------------------------------------------

38/80 Testing: ConvertToOctalStringTest.Zero
38/80 Test: ConvertToOctalStringTest.Zero
Command: "/home/somewhat/bmstu-cpp-works/build/bmstu-works_tests" "--gtest_filter=ConvertToOctalStringTest.Zero" "--gtest_also_run_disabled_tests"
Directory: /home/somewhat/bmstu-cpp-works/build
"ConvertToOctalStringTest.Zero" start time: Nov 11 14:28 MSK
Output:
----------------------------------------------------------
Running main() from /home/somewhat/bmstu-cpp-works/build/_deps/googletest-src/googletest/src/gtest_main.cc
Note: Google Test filter = ConvertToOctalStringTest.Zero
[==========] Running 1 test from 1 test suite.
[----------] Global test environment set-up.
[----------] 1 test from ConvertToOctalStringTest
[ RUN      ] ConvertToOctalStringTest.Zero
[       OK ] ConvertToOctalStringTest.Zero (0 ms)
[----------] 1 test from ConvertToOctalStringTest (0 ms total)

[----------] Global test environment tear-down
[==========] 1 test from 1 test suite ran. (0 ms total)
[  PASSED  ] 1 test.
<end of output>
Test time =   0.01 sec
----------------------------------------------------------
Test Passed.
"ConvertToOctalStringTest.Zero" end time: Nov 11 14:28 MSK
"ConvertToOctalStringTest.Zero" time elapsed: 00:00:00
----------------------------------------------------------

39/80 Testing: MobilePhoneTest.PrintMobilePhoneValidInput
39/80 Test: MobilePhoneTest.PrintMobilePhoneValidInput
Command: "/home/somewhat/bmstu-cpp-works/build/bmstu-works_tests" "--gtest_filter=MobilePhoneTest.PrintMobilePhoneValidInput" "--gtest_also_run_disabled_tests"
Directory: /home/somewhat/bmstu-cpp-works/build
"MobilePhoneTest.PrintMobilePhoneValidInput" start time: Nov 11 14:28 MSK
Output:
----------------------------------------------------------
Running main() from /home/somewhat/bmstu-cpp-works/build/_deps/googletest-src/googletest/src/gtest_main.cc
Note: Google Test filter = MobilePhoneTest.PrintMobilePhoneValidInput
[==========] Running 1 test from 1 test suite.
[----------] Global test environment set-up.
[----------] 1 test from MobilePhoneTest
[ RUN      ] MobilePhoneTest.PrintMobilePhoneValidInput
[       OK ] MobilePhoneTest.PrintMobilePhoneValidInput (0 ms)
[----------] 1 test from MobilePhoneTest (0 ms total)

[----------] Global test environment tear-down
[==========] 1 test from 1 test suite ran. (0 ms total)
[  PASSED  ] 1 test.
<end of output>
Test time =   0.01 sec
----------------------------------------------------------
Test Passed.
"MobilePhoneTest.PrintMobilePhoneValidInput" end time: Nov 11 14:28 MSK
"MobilePhoneTest.PrintMobilePhoneValidInput" time elapsed: 00:00:00
----------------------------------------------------------

40/80 Testing: MobilePhoneTest.PrintMobilePhoneInvalidInput
40/80 Test: MobilePhoneTest.PrintMobilePhoneInvalidInput
Command: "/home/somewhat/bmstu-cpp-works/build/bmstu-works_tests" "--gtest_filter=MobilePhoneTest.PrintMobilePhoneInvalidInput" "--gtest_also_run_disabled_tests"
Directory: /home/somewhat/bmstu-cpp-works/build
"MobilePhoneTest.PrintMobilePhoneInvalidInput" start time: Nov 11 14:28 MSK
Output:
----------------------------------------------------------
Running main() from /home/somewhat/bmstu-cpp-works/build/_deps/googletest-src/googletest/src/gtest_main.cc
Note: Google Test filter = MobilePhoneTest.PrintMobilePhoneInvalidInput
[==========] Running 1 test from 1 test suite.
[----------] Global test environment set-up.
[----------] 1 test from MobilePhoneTest
[ RUN      ] MobilePhoneTest.PrintMobilePhoneInvalidInput
[       OK ] MobilePhoneTest.PrintMobilePhoneInvalidInput (0 ms)
[----------] 1 test from MobilePhoneTest (0 ms total)

[----------] Global test environment tear-down
[==========] 1 test from 1 test suite ran. (0 ms total)
[  PASSED  ] 1 test.
<end of output>
Test time =   0.01 sec
----------------------------------------------------------
Test Passed.
"MobilePhoneTest.PrintMobilePhoneInvalidInput" end time: Nov 11 14:28 MSK
"MobilePhoneTest.PrintMobilePhoneInvalidInput" time elapsed: 00:00:00
----------------------------------------------------------

41/80 Testing: Vectoronstructor.Default
41/80 Test: Vectoronstructor.Default
Command: "/home/somewhat/bmstu-cpp-works/build/bmstu-works_tests" "--gtest_filter=Vectoronstructor.Default" "--gtest_also_run_disabled_tests"
Directory: /home/somewhat/bmstu-cpp-works/build
"Vectoronstructor.Default" start time: Nov 11 14:28 MSK
Output:
----------------------------------------------------------
Running main() from /home/somewhat/bmstu-cpp-works/build/_deps/googletest-src/googletest/src/gtest_main.cc
Note: Google Test filter = Vectoronstructor.Default
[==========] Running 1 test from 1 test suite.
[----------] Global test environment set-up.
[----------] 1 test from Vectoronstructor
[ RUN      ] Vectoronstructor.Default
[       OK ] Vectoronstructor.Default (0 ms)
[----------] 1 test from Vectoronstructor (0 ms total)

[----------] Global test environment tear-down
[==========] 1 test from 1 test suite ran. (0 ms total)
[  PASSED  ] 1 test.
<end of output>
Test time =   0.01 sec
----------------------------------------------------------
Test Passed.
"Vectoronstructor.Default" end time: Nov 11 14:28 MSK
"Vectoronstructor.Default" time elapsed: 00:00:00
----------------------------------------------------------

42/80 Testing: VectorConstructor.InList
42/80 Test: VectorConstructor.InList
Command: "/home/somewhat/bmstu-cpp-works/build/bmstu-works_tests" "--gtest_filter=VectorConstructor.InList" "--gtest_also_run_disabled_tests"
Directory: /home/somewhat/bmstu-cpp-works/build
"VectorConstructor.InList" start time: Nov 11 14:28 MSK
Output:
----------------------------------------------------------
Running main() from /home/somewhat/bmstu-cpp-works/build/_deps/googletest-src/googletest/src/gtest_main.cc
Note: Google Test filter = VectorConstructor.InList
[==========] Running 1 test from 1 test suite.
[----------] Global test environment set-up.
[----------] 1 test from VectorConstructor
[ RUN      ] VectorConstructor.InList
[       OK ] VectorConstructor.InList (0 ms)
[----------] 1 test from VectorConstructor (0 ms total)

[----------] Global test environment tear-down
[==========] 1 test from 1 test suite ran. (0 ms total)
[  PASSED  ] 1 test.
<end of output>
Test time =   0.01 sec
----------------------------------------------------------
Test Passed.
"VectorConstructor.InList" end time: Nov 11 14:28 MSK
"VectorConstructor.InList" time elapsed: 00:00:00
----------------------------------------------------------

43/80 Testing: VectorConstructor.Parametr
43/80 Test: VectorConstructor.Parametr
Command: "/home/somewhat/bmstu-cpp-works/build/bmstu-works_tests" "--gtest_filter=VectorConstructor.Parametr" "--gtest_also_run_disabled_tests"
Directory: /home/somewhat/bmstu-cpp-works/build
"VectorConstructor.Parametr" start time: Nov 11 14:28 MSK
Output:
----------------------------------------------------------
Running main() from /home/somewhat/bmstu-cpp-works/build/_deps/googletest-src/googletest/src/gtest_main.cc
Note: Google Test filter = VectorConstructor.Parametr
[==========] Running 1 test from 1 test suite.
[----------] Global test environment set-up.
[----------] 1 test from VectorConstructor
[ RUN      ] VectorConstructor.Parametr
[       OK ] VectorConstructor.Parametr (0 ms)
[----------] 1 test from VectorConstructor (0 ms total)

[----------] Global test environment tear-down
[==========] 1 test from 1 test suite ran. (0 ms total)
[  PASSED  ] 1 test.
<end of output>
Test time =   0.01 sec
----------------------------------------------------------
Test Passed.
"VectorConstructor.Parametr" end time: Nov 11 14:28 MSK
"VectorConstructor.Parametr" time elapsed: 00:00:00
----------------------------------------------------------

44/80 Testing: VectorConstructor.Copy
44/80 Test: VectorConstructor.Copy
Command: "/home/somewhat/bmstu-cpp-works/build/bmstu-works_tests" "--gtest_filter=VectorConstructor.Copy" "--gtest_also_run_disabled_tests"
Directory: /home/somewhat/bmstu-cpp-works/build
"VectorConstructor.Copy" start time: Nov 11 14:28 MSK
Output:
----------------------------------------------------------
Running main() from /home/somewhat/bmstu-cpp-works/build/_deps/googletest-src/googletest/src/gtest_main.cc
Note: Google Test filter = VectorConstructor.Copy
[==========] Running 1 test from 1 test suite.
[----------] Global test environment set-up.
[----------] 1 test from VectorConstructor
[ RUN      ] VectorConstructor.Copy
[       OK ] VectorConstructor.Copy (0 ms)
[----------] 1 test from VectorConstructor (0 ms total)

[----------] Global test environment tear-down
[==========] 1 test from 1 test suite ran. (0 ms total)
[  PASSED  ] 1 test.
<end of output>
Test time =   0.01 sec
----------------------------------------------------------
Test Passed.
"VectorConstructor.Copy" end time: Nov 11 14:28 MSK
"VectorConstructor.Copy" time elapsed: 00:00:00
----------------------------------------------------------

45/80 Testing: VectorConsturctor.Move
45/80 Test: VectorConsturctor.Move
Command: "/home/somewhat/bmstu-cpp-works/build/bmstu-works_tests" "--gtest_filter=VectorConsturctor.Move" "--gtest_also_run_disabled_tests"
Directory: /home/somewhat/bmstu-cpp-works/build
"VectorConsturctor.Move" start time: Nov 11 14:28 MSK
Output:
----------------------------------------------------------
Running main() from /home/somewhat/bmstu-cpp-works/build/_deps/googletest-src/googletest/src/gtest_main.cc
Note: Google Test filter = VectorConsturctor.Move
[==========] Running 1 test from 1 test suite.
[----------] Global test environment set-up.
[----------] 1 test from VectorConsturctor
[ RUN      ] VectorConsturctor.Move
[       OK ] VectorConsturctor.Move (0 ms)
[----------] 1 test from VectorConsturctor (0 ms total)

[----------] Global test environment tear-down
[==========] 1 test from 1 test suite ran. (0 ms total)
[  PASSED  ] 1 test.
<end of output>
Test time =   0.01 sec
----------------------------------------------------------
Test Passed.
"VectorConsturctor.Move" end time: Nov 11 14:28 MSK
"VectorConsturctor.Move" time elapsed: 00:00:00
----------------------------------------------------------

46/80 Testing: VectorOperator.Copy
46/80 Test: VectorOperator.Copy
Command: "/home/somewhat/bmstu-cpp-works/build/bmstu-works_tests" "--gtest_filter=VectorOperator.Copy" "--gtest_also_run_disabled_tests"
Directory: /home/somewhat/bmstu-cpp-works/build
"VectorOperator.Copy" start time: Nov 11 14:28 MSK
Output:
----------------------------------------------------------
Running main() from /home/somewhat/bmstu-cpp-works/build/_deps/googletest-src/googletest/src/gtest_main.cc
Note: Google Test filter = VectorOperator.Copy
[==========] Running 1 test from 1 test suite.
[----------] Global test environment set-up.
[----------] 1 test from VectorOperator
[ RUN      ] VectorOperator.Copy
[       OK ] VectorOperator.Copy (0 ms)
[----------] 1 test from VectorOperator (0 ms total)

[----------] Global test environment tear-down
[==========] 1 test from 1 test suite ran. (0 ms total)
[  PASSED  ] 1 test.
<end of output>
Test time =   0.01 sec
----------------------------------------------------------
Test Passed.
"VectorOperator.Copy" end time: Nov 11 14:28 MSK
"VectorOperator.Copy" time elapsed: 00:00:00
----------------------------------------------------------

47/80 Testing: VectorOperator.Move
47/80 Test: VectorOperator.Move
Command: "/home/somewhat/bmstu-cpp-works/build/bmstu-works_tests" "--gtest_filter=VectorOperator.Move" "--gtest_also_run_disabled_tests"
Directory: /home/somewhat/bmstu-cpp-works/build
"VectorOperator.Move" start time: Nov 11 14:28 MSK
Output:
----------------------------------------------------------
Running main() from /home/somewhat/bmstu-cpp-works/build/_deps/googletest-src/googletest/src/gtest_main.cc
Note: Google Test filter = VectorOperator.Move
[==========] Running 1 test from 1 test suite.
[----------] Global test environment set-up.
[----------] 1 test from VectorOperator
[ RUN      ] VectorOperator.Move
[       OK ] VectorOperator.Move (0 ms)
[----------] 1 test from VectorOperator (0 ms total)

[----------] Global test environment tear-down
[==========] 1 test from 1 test suite ran. (0 ms total)
[  PASSED  ] 1 test.
<end of output>
Test time =   0.01 sec
----------------------------------------------------------
Test Passed.
"VectorOperator.Move" end time: Nov 11 14:28 MSK
"VectorOperator.Move" time elapsed: 00:00:00
----------------------------------------------------------

48/80 Testing: VectorIterator.BeginEnd
48/80 Test: VectorIterator.BeginEnd
Command: "/home/somewhat/bmstu-cpp-works/build/bmstu-works_tests" "--gtest_filter=VectorIterator.BeginEnd" "--gtest_also_run_disabled_tests"
Directory: /home/somewhat/bmstu-cpp-works/build
"VectorIterator.BeginEnd" start time: Nov 11 14:28 MSK
Output:
----------------------------------------------------------
Running main() from /home/somewhat/bmstu-cpp-works/build/_deps/googletest-src/googletest/src/gtest_main.cc
Note: Google Test filter = VectorIterator.BeginEnd
[==========] Running 1 test from 1 test suite.
[----------] Global test environment set-up.
[----------] 1 test from VectorIterator
[ RUN      ] VectorIterator.BeginEnd
[       OK ] VectorIterator.BeginEnd (0 ms)
[----------] 1 test from VectorIterator (0 ms total)

[----------] Global test environment tear-down
[==========] 1 test from 1 test suite ran. (0 ms total)
[  PASSED  ] 1 test.
<end of output>
Test time =   0.01 sec
----------------------------------------------------------
Test Passed.
"VectorIterator.BeginEnd" end time: Nov 11 14:28 MSK
"VectorIterator.BeginEnd" time elapsed: 00:00:00
----------------------------------------------------------

49/80 Testing: VectorMethod.Empty
49/80 Test: VectorMethod.Empty
Command: "/home/somewhat/bmstu-cpp-works/build/bmstu-works_tests" "--gtest_filter=VectorMethod.Empty" "--gtest_also_run_disabled_tests"
Directory: /home/somewhat/bmstu-cpp-works/build
"VectorMethod.Empty" start time: Nov 11 14:28 MSK
Output:
----------------------------------------------------------
Running main() from /home/somewhat/bmstu-cpp-works/build/_deps/googletest-src/googletest/src/gtest_main.cc
Note: Google Test filter = VectorMethod.Empty
[==========] Running 1 test from 1 test suite.
[----------] Global test environment set-up.
[----------] 1 test from VectorMethod
[ RUN      ] VectorMethod.Empty
[       OK ] VectorMethod.Empty (0 ms)
[----------] 1 test from VectorMethod (0 ms total)

[----------] Global test environment tear-down
[==========] 1 test from 1 test suite ran. (0 ms total)
[  PASSED  ] 1 test.
<end of output>
Test time =   0.01 sec
----------------------------------------------------------
Test Passed.
"VectorMethod.Empty" end time: Nov 11 14:28 MSK
"VectorMethod.Empty" time elapsed: 00:00:00
----------------------------------------------------------

50/80 Testing: VectorMethod.Clear
50/80 Test: VectorMethod.Clear
Command: "/home/somewhat/bmstu-cpp-works/build/bmstu-works_tests" "--gtest_filter=VectorMethod.Clear" "--gtest_also_run_disabled_tests"
Directory: /home/somewhat/bmstu-cpp-works/build
"VectorMethod.Clear" start time: Nov 11 14:28 MSK
Output:
----------------------------------------------------------
Running main() from /home/somewhat/bmstu-cpp-works/build/_deps/googletest-src/googletest/src/gtest_main.cc
Note: Google Test filter = VectorMethod.Clear
[==========] Running 1 test from 1 test suite.
[----------] Global test environment set-up.
[----------] 1 test from VectorMethod
[ RUN      ] VectorMethod.Clear
[       OK ] VectorMethod.Clear (0 ms)
[----------] 1 test from VectorMethod (0 ms total)

[----------] Global test environment tear-down
[==========] 1 test from 1 test suite ran. (0 ms total)
[  PASSED  ] 1 test.
<end of output>
Test time =   0.01 sec
----------------------------------------------------------
Test Passed.
"VectorMethod.Clear" end time: Nov 11 14:28 MSK
"VectorMethod.Clear" time elapsed: 00:00:00
----------------------------------------------------------

51/80 Testing: VectorMethod.Swap
51/80 Test: VectorMethod.Swap
Command: "/home/somewhat/bmstu-cpp-works/build/bmstu-works_tests" "--gtest_filter=VectorMethod.Swap" "--gtest_also_run_disabled_tests"
Directory: /home/somewhat/bmstu-cpp-works/build
"VectorMethod.Swap" start time: Nov 11 14:28 MSK
Output:
----------------------------------------------------------
Running main() from /home/somewhat/bmstu-cpp-works/build/_deps/googletest-src/googletest/src/gtest_main.cc
Note: Google Test filter = VectorMethod.Swap
[==========] Running 1 test from 1 test suite.
[----------] Global test environment set-up.
[----------] 1 test from VectorMethod
[ RUN      ] VectorMethod.Swap
[       OK ] VectorMethod.Swap (0 ms)
[----------] 1 test from VectorMethod (0 ms total)

[----------] Global test environment tear-down
[==========] 1 test from 1 test suite ran. (0 ms total)
[  PASSED  ] 1 test.
<end of output>
Test time =   0.01 sec
----------------------------------------------------------
Test Passed.
"VectorMethod.Swap" end time: Nov 11 14:28 MSK
"VectorMethod.Swap" time elapsed: 00:00:00
----------------------------------------------------------

52/80 Testing: VectorMethod.SwapV2
52/80 Test: VectorMethod.SwapV2
Command: "/home/somewhat/bmstu-cpp-works/build/bmstu-works_tests" "--gtest_filter=VectorMethod.SwapV2" "--gtest_also_run_disabled_tests"
Directory: /home/somewhat/bmstu-cpp-works/build
"VectorMethod.SwapV2" start time: Nov 11 14:28 MSK
Output:
----------------------------------------------------------
Running main() from /home/somewhat/bmstu-cpp-works/build/_deps/googletest-src/googletest/src/gtest_main.cc
Note: Google Test filter = VectorMethod.SwapV2
[==========] Running 1 test from 1 test suite.
[----------] Global test environment set-up.
[----------] 1 test from VectorMethod
[ RUN      ] VectorMethod.SwapV2
[       OK ] VectorMethod.SwapV2 (0 ms)
[----------] 1 test from VectorMethod (0 ms total)

[----------] Global test environment tear-down
[==========] 1 test from 1 test suite ran. (0 ms total)
[  PASSED  ] 1 test.
<end of output>
Test time =   0.01 sec
----------------------------------------------------------
Test Passed.
"VectorMethod.SwapV2" end time: Nov 11 14:28 MSK
"VectorMethod.SwapV2" time elapsed: 00:00:00
----------------------------------------------------------

53/80 Testing: VectorMethod.Resize
53/80 Test: VectorMethod.Resize
Command: "/home/somewhat/bmstu-cpp-works/build/bmstu-works_tests" "--gtest_filter=VectorMethod.Resize" "--gtest_also_run_disabled_tests"
Directory: /home/somewhat/bmstu-cpp-works/build
"VectorMethod.Resize" start time: Nov 11 14:28 MSK
Output:
----------------------------------------------------------
Running main() from /home/somewhat/bmstu-cpp-works/build/_deps/googletest-src/googletest/src/gtest_main.cc
Note: Google Test filter = VectorMethod.Resize
[==========] Running 1 test from 1 test suite.
[----------] Global test environment set-up.
[----------] 1 test from VectorMethod
[ RUN      ] VectorMethod.Resize
[       OK ] VectorMethod.Resize (0 ms)
[----------] 1 test from VectorMethod (0 ms total)

[----------] Global test environment tear-down
[==========] 1 test from 1 test suite ran. (0 ms total)
[  PASSED  ] 1 test.
<end of output>
Test time =   0.01 sec
----------------------------------------------------------
Test Passed.
"VectorMethod.Resize" end time: Nov 11 14:28 MSK
"VectorMethod.Resize" time elapsed: 00:00:00
----------------------------------------------------------

54/80 Testing: VectorMethod.Reserve
54/80 Test: VectorMethod.Reserve
Command: "/home/somewhat/bmstu-cpp-works/build/bmstu-works_tests" "--gtest_filter=VectorMethod.Reserve" "--gtest_also_run_disabled_tests"
Directory: /home/somewhat/bmstu-cpp-works/build
"VectorMethod.Reserve" start time: Nov 11 14:28 MSK
Output:
----------------------------------------------------------
Running main() from /home/somewhat/bmstu-cpp-works/build/_deps/googletest-src/googletest/src/gtest_main.cc
Note: Google Test filter = VectorMethod.Reserve
[==========] Running 1 test from 1 test suite.
[----------] Global test environment set-up.
[----------] 1 test from VectorMethod
[ RUN      ] VectorMethod.Reserve
[       OK ] VectorMethod.Reserve (0 ms)
[----------] 1 test from VectorMethod (0 ms total)

[----------] Global test environment tear-down
[==========] 1 test from 1 test suite ran. (0 ms total)
[  PASSED  ] 1 test.
<end of output>
Test time =   0.01 sec
----------------------------------------------------------
Test Passed.
"VectorMethod.Reserve" end time: Nov 11 14:28 MSK
"VectorMethod.Reserve" time elapsed: 00:00:00
----------------------------------------------------------

55/80 Testing: VectorMethod.Insert
55/80 Test: VectorMethod.Insert
Command: "/home/somewhat/bmstu-cpp-works/build/bmstu-works_tests" "--gtest_filter=VectorMethod.Insert" "--gtest_also_run_disabled_tests"
Directory: /home/somewhat/bmstu-cpp-works/build
"VectorMethod.Insert" start time: Nov 11 14:28 MSK
Output:
----------------------------------------------------------
Running main() from /home/somewhat/bmstu-cpp-works/build/_deps/googletest-src/googletest/src/gtest_main.cc
Note: Google Test filter = VectorMethod.Insert
[==========] Running 1 test from 1 test suite.
[----------] Global test environment set-up.
[----------] 1 test from VectorMethod
[ RUN      ] VectorMethod.Insert
[       OK ] VectorMethod.Insert (0 ms)
[----------] 1 test from VectorMethod (0 ms total)

[----------] Global test environment tear-down
[==========] 1 test from 1 test suite ran. (0 ms total)
[  PASSED  ] 1 test.
<end of output>
Test time =   0.01 sec
----------------------------------------------------------
Test Passed.
"VectorMethod.Insert" end time: Nov 11 14:28 MSK
"VectorMethod.Insert" time elapsed: 00:00:00
----------------------------------------------------------

56/80 Testing: VectorMethod.Push_back
56/80 Test: VectorMethod.Push_back
Command: "/home/somewhat/bmstu-cpp-works/build/bmstu-works_tests" "--gtest_filter=VectorMethod.Push_back" "--gtest_also_run_disabled_tests"
Directory: /home/somewhat/bmstu-cpp-works/build
"VectorMethod.Push_back" start time: Nov 11 14:28 MSK
Output:
----------------------------------------------------------
Running main() from /home/somewhat/bmstu-cpp-works/build/_deps/googletest-src/googletest/src/gtest_main.cc
Note: Google Test filter = VectorMethod.Push_back
[==========] Running 1 test from 1 test suite.
[----------] Global test environment set-up.
[----------] 1 test from VectorMethod
[ RUN      ] VectorMethod.Push_back
[       OK ] VectorMethod.Push_back (0 ms)
[----------] 1 test from VectorMethod (0 ms total)

[----------] Global test environment tear-down
[==========] 1 test from 1 test suite ran. (0 ms total)
[  PASSED  ] 1 test.
<end of output>
Test time =   0.01 sec
----------------------------------------------------------
Test Passed.
"VectorMethod.Push_back" end time: Nov 11 14:28 MSK
"VectorMethod.Push_back" time elapsed: 00:00:00
----------------------------------------------------------

57/80 Testing: VectorMethod.Pop_back
57/80 Test: VectorMethod.Pop_back
Command: "/home/somewhat/bmstu-cpp-works/build/bmstu-works_tests" "--gtest_filter=VectorMethod.Pop_back" "--gtest_also_run_disabled_tests"
Directory: /home/somewhat/bmstu-cpp-works/build
"VectorMethod.Pop_back" start time: Nov 11 14:28 MSK
Output:
----------------------------------------------------------
Running main() from /home/somewhat/bmstu-cpp-works/build/_deps/googletest-src/googletest/src/gtest_main.cc
Note: Google Test filter = VectorMethod.Pop_back
[==========] Running 1 test from 1 test suite.
[----------] Global test environment set-up.
[----------] 1 test from VectorMethod
[ RUN      ] VectorMethod.Pop_back
[       OK ] VectorMethod.Pop_back (0 ms)
[----------] 1 test from VectorMethod (0 ms total)

[----------] Global test environment tear-down
[==========] 1 test from 1 test suite ran. (0 ms total)
[  PASSED  ] 1 test.
<end of output>
Test time =   0.01 sec
----------------------------------------------------------
Test Passed.
"VectorMethod.Pop_back" end time: Nov 11 14:28 MSK
"VectorMethod.Pop_back" time elapsed: 00:00:00
----------------------------------------------------------

58/80 Testing: Operator.All_EQs
58/80 Test: Operator.All_EQs
Command: "/home/somewhat/bmstu-cpp-works/build/bmstu-works_tests" "--gtest_filter=Operator.All_EQs" "--gtest_also_run_disabled_tests"
Directory: /home/somewhat/bmstu-cpp-works/build
"Operator.All_EQs" start time: Nov 11 14:28 MSK
Output:
----------------------------------------------------------
Running main() from /home/somewhat/bmstu-cpp-works/build/_deps/googletest-src/googletest/src/gtest_main.cc
Note: Google Test filter = Operator.All_EQs
[==========] Running 1 test from 1 test suite.
[----------] Global test environment set-up.
[----------] 1 test from Operator
[ RUN      ] Operator.All_EQs
[       OK ] Operator.All_EQs (0 ms)
[----------] 1 test from Operator (0 ms total)

[----------] Global test environment tear-down
[==========] 1 test from 1 test suite ran. (0 ms total)
[  PASSED  ] 1 test.
<end of output>
Test time =   0.01 sec
----------------------------------------------------------
Test Passed.
"Operator.All_EQs" end time: Nov 11 14:28 MSK
"Operator.All_EQs" time elapsed: 00:00:00
----------------------------------------------------------

59/80 Testing: DummyVector.one
59/80 Test: DummyVector.one
Command: "/home/somewhat/bmstu-cpp-works/build/bmstu-works_tests" "--gtest_filter=DummyVector.one" "--gtest_also_run_disabled_tests"
Directory: /home/somewhat/bmstu-cpp-works/build
"DummyVector.one" start time: Nov 11 14:28 MSK
Output:
----------------------------------------------------------
Running main() from /home/somewhat/bmstu-cpp-works/build/_deps/googletest-src/googletest/src/gtest_main.cc
Note: Google Test filter = DummyVector.one
[==========] Running 1 test from 1 test suite.
[----------] Global test environment set-up.
[----------] 1 test from DummyVector
[ RUN      ] DummyVector.one
[       OK ] DummyVector.one (0 ms)
[----------] 1 test from DummyVector (0 ms total)

[----------] Global test environment tear-down
[==========] 1 test from 1 test suite ran. (0 ms total)
[  PASSED  ] 1 test.
<end of output>
Test time =   0.01 sec
----------------------------------------------------------
Test Passed.
"DummyVector.one" end time: Nov 11 14:28 MSK
"DummyVector.one" time elapsed: 00:00:00
----------------------------------------------------------

60/80 Testing: DummyVector.Init
60/80 Test: DummyVector.Init
Command: "/home/somewhat/bmstu-cpp-works/build/bmstu-works_tests" "--gtest_filter=DummyVector.Init" "--gtest_also_run_disabled_tests"
Directory: /home/somewhat/bmstu-cpp-works/build
"DummyVector.Init" start time: Nov 11 14:28 MSK
Output:
----------------------------------------------------------
Running main() from /home/somewhat/bmstu-cpp-works/build/_deps/googletest-src/googletest/src/gtest_main.cc
Note: Google Test filter = DummyVector.Init
[==========] Running 1 test from 1 test suite.
[----------] Global test environment set-up.
[----------] 1 test from DummyVector
[ RUN      ] DummyVector.Init
[       OK ] DummyVector.Init (0 ms)
[----------] 1 test from DummyVector (0 ms total)

[----------] Global test environment tear-down
[==========] 1 test from 1 test suite ran. (0 ms total)
[  PASSED  ] 1 test.
<end of output>
Test time =   0.01 sec
----------------------------------------------------------
Test Passed.
"DummyVector.Init" end time: Nov 11 14:28 MSK
"DummyVector.Init" time elapsed: 00:00:00
----------------------------------------------------------

61/80 Testing: DummyVector.Init2
61/80 Test: DummyVector.Init2
Command: "/home/somewhat/bmstu-cpp-works/build/bmstu-works_tests" "--gtest_filter=DummyVector.Init2" "--gtest_also_run_disabled_tests"
Directory: /home/somewhat/bmstu-cpp-works/build
"DummyVector.Init2" start time: Nov 11 14:28 MSK
Output:
----------------------------------------------------------
Running main() from /home/somewhat/bmstu-cpp-works/build/_deps/googletest-src/googletest/src/gtest_main.cc
Note: Google Test filter = DummyVector.Init2
[==========] Running 1 test from 1 test suite.
[----------] Global test environment set-up.
[----------] 1 test from DummyVector
[ RUN      ] DummyVector.Init2
[       OK ] DummyVector.Init2 (0 ms)
[----------] 1 test from DummyVector (0 ms total)

[----------] Global test environment tear-down
[==========] 1 test from 1 test suite ran. (0 ms total)
[  PASSED  ] 1 test.
<end of output>
Test time =   0.01 sec
----------------------------------------------------------
Test Passed.
"DummyVector.Init2" end time: Nov 11 14:28 MSK
"DummyVector.Init2" time elapsed: 00:00:00
----------------------------------------------------------

62/80 Testing: DummyVector.InitList
62/80 Test: DummyVector.InitList
Command: "/home/somewhat/bmstu-cpp-works/build/bmstu-works_tests" "--gtest_filter=DummyVector.InitList" "--gtest_also_run_disabled_tests"
Directory: /home/somewhat/bmstu-cpp-works/build
"DummyVector.InitList" start time: Nov 11 14:28 MSK
Output:
----------------------------------------------------------
Running main() from /home/somewhat/bmstu-cpp-works/build/_deps/googletest-src/googletest/src/gtest_main.cc
Note: Google Test filter = DummyVector.InitList
[==========] Running 1 test from 1 test suite.
[----------] Global test environment set-up.
[----------] 1 test from DummyVector
[ RUN      ] DummyVector.InitList
[       OK ] DummyVector.InitList (0 ms)
[----------] 1 test from DummyVector (0 ms total)

[----------] Global test environment tear-down
[==========] 1 test from 1 test suite ran. (0 ms total)
[  PASSED  ] 1 test.
<end of output>
Test time =   0.01 sec
----------------------------------------------------------
Test Passed.
"DummyVector.InitList" end time: Nov 11 14:28 MSK
"DummyVector.InitList" time elapsed: 00:00:00
----------------------------------------------------------

63/80 Testing: DummyVector.At
63/80 Test: DummyVector.At
Command: "/home/somewhat/bmstu-cpp-works/build/bmstu-works_tests" "--gtest_filter=DummyVector.At" "--gtest_also_run_disabled_tests"
Directory: /home/somewhat/bmstu-cpp-works/build
"DummyVector.At" start time: Nov 11 14:28 MSK
Output:
----------------------------------------------------------
Running main() from /home/somewhat/bmstu-cpp-works/build/_deps/googletest-src/googletest/src/gtest_main.cc
Note: Google Test filter = DummyVector.At
[==========] Running 1 test from 1 test suite.
[----------] Global test environment set-up.
[----------] 1 test from DummyVector
[ RUN      ] DummyVector.At
[       OK ] DummyVector.At (0 ms)
[----------] 1 test from DummyVector (0 ms total)

[----------] Global test environment tear-down
[==========] 1 test from 1 test suite ran. (0 ms total)
[  PASSED  ] 1 test.
<end of output>
Test time =   0.01 sec
----------------------------------------------------------
Test Passed.
"DummyVector.At" end time: Nov 11 14:28 MSK
"DummyVector.At" time elapsed: 00:00:00
----------------------------------------------------------

64/80 Testing: DummyVector.Clear
64/80 Test: DummyVector.Clear
Command: "/home/somewhat/bmstu-cpp-works/build/bmstu-works_tests" "--gtest_filter=DummyVector.Clear" "--gtest_also_run_disabled_tests"
Directory: /home/somewhat/bmstu-cpp-works/build
"DummyVector.Clear" start time: Nov 11 14:28 MSK
Output:
----------------------------------------------------------
Running main() from /home/somewhat/bmstu-cpp-works/build/_deps/googletest-src/googletest/src/gtest_main.cc
Note: Google Test filter = DummyVector.Clear
[==========] Running 1 test from 1 test suite.
[----------] Global test environment set-up.
[----------] 1 test from DummyVector
[ RUN      ] DummyVector.Clear
[       OK ] DummyVector.Clear (0 ms)
[----------] 1 test from DummyVector (0 ms total)

[----------] Global test environment tear-down
[==========] 1 test from 1 test suite ran. (0 ms total)
[  PASSED  ] 1 test.
<end of output>
Test time =   0.01 sec
----------------------------------------------------------
Test Passed.
"DummyVector.Clear" end time: Nov 11 14:28 MSK
"DummyVector.Clear" time elapsed: 00:00:00
----------------------------------------------------------

65/80 Testing: DummyVector.Resize
65/80 Test: DummyVector.Resize
Command: "/home/somewhat/bmstu-cpp-works/build/bmstu-works_tests" "--gtest_filter=DummyVector.Resize" "--gtest_also_run_disabled_tests"
Directory: /home/somewhat/bmstu-cpp-works/build
"DummyVector.Resize" start time: Nov 11 14:28 MSK
Output:
----------------------------------------------------------
Running main() from /home/somewhat/bmstu-cpp-works/build/_deps/googletest-src/googletest/src/gtest_main.cc
Note: Google Test filter = DummyVector.Resize
[==========] Running 1 test from 1 test suite.
[----------] Global test environment set-up.
[----------] 1 test from DummyVector
[ RUN      ] DummyVector.Resize
[       OK ] DummyVector.Resize (0 ms)
[----------] 1 test from DummyVector (0 ms total)

[----------] Global test environment tear-down
[==========] 1 test from 1 test suite ran. (0 ms total)
[  PASSED  ] 1 test.
<end of output>
Test time =   0.01 sec
----------------------------------------------------------
Test Passed.
"DummyVector.Resize" end time: Nov 11 14:28 MSK
"DummyVector.Resize" time elapsed: 00:00:00
----------------------------------------------------------

66/80 Testing: DummyVector.Resize1
66/80 Test: DummyVector.Resize1
Command: "/home/somewhat/bmstu-cpp-works/build/bmstu-works_tests" "--gtest_filter=DummyVector.Resize1" "--gtest_also_run_disabled_tests"
Directory: /home/somewhat/bmstu-cpp-works/build
"DummyVector.Resize1" start time: Nov 11 14:28 MSK
Output:
----------------------------------------------------------
Running main() from /home/somewhat/bmstu-cpp-works/build/_deps/googletest-src/googletest/src/gtest_main.cc
Note: Google Test filter = DummyVector.Resize1
[==========] Running 1 test from 1 test suite.
[----------] Global test environment set-up.
[----------] 1 test from DummyVector
[ RUN      ] DummyVector.Resize1
[       OK ] DummyVector.Resize1 (0 ms)
[----------] 1 test from DummyVector (0 ms total)

[----------] Global test environment tear-down
[==========] 1 test from 1 test suite ran. (0 ms total)
[  PASSED  ] 1 test.
<end of output>
Test time =   0.01 sec
----------------------------------------------------------
Test Passed.
"DummyVector.Resize1" end time: Nov 11 14:28 MSK
"DummyVector.Resize1" time elapsed: 00:00:00
----------------------------------------------------------

67/80 Testing: DummyVector.Resize2
67/80 Test: DummyVector.Resize2
Command: "/home/somewhat/bmstu-cpp-works/build/bmstu-works_tests" "--gtest_filter=DummyVector.Resize2" "--gtest_also_run_disabled_tests"
Directory: /home/somewhat/bmstu-cpp-works/build
"DummyVector.Resize2" start time: Nov 11 14:28 MSK
Output:
----------------------------------------------------------
Running main() from /home/somewhat/bmstu-cpp-works/build/_deps/googletest-src/googletest/src/gtest_main.cc
Note: Google Test filter = DummyVector.Resize2
[==========] Running 1 test from 1 test suite.
[----------] Global test environment set-up.
[----------] 1 test from DummyVector
[ RUN      ] DummyVector.Resize2
[       OK ] DummyVector.Resize2 (0 ms)
[----------] 1 test from DummyVector (0 ms total)

[----------] Global test environment tear-down
[==========] 1 test from 1 test suite ran. (0 ms total)
[  PASSED  ] 1 test.
<end of output>
Test time =   0.01 sec
----------------------------------------------------------
Test Passed.
"DummyVector.Resize2" end time: Nov 11 14:28 MSK
"DummyVector.Resize2" time elapsed: 00:00:00
----------------------------------------------------------

68/80 Testing: DummyVector.Constructors
68/80 Test: DummyVector.Constructors
Command: "/home/somewhat/bmstu-cpp-works/build/bmstu-works_tests" "--gtest_filter=DummyVector.Constructors" "--gtest_also_run_disabled_tests"
Directory: /home/somewhat/bmstu-cpp-works/build
"DummyVector.Constructors" start time: Nov 11 14:28 MSK
Output:
----------------------------------------------------------
Running main() from /home/somewhat/bmstu-cpp-works/build/_deps/googletest-src/googletest/src/gtest_main.cc
Note: Google Test filter = DummyVector.Constructors
[==========] Running 1 test from 1 test suite.
[----------] Global test environment set-up.
[----------] 1 test from DummyVector
[ RUN      ] DummyVector.Constructors
[       OK ] DummyVector.Constructors (0 ms)
[----------] 1 test from DummyVector (0 ms total)

[----------] Global test environment tear-down
[==========] 1 test from 1 test suite ran. (0 ms total)
[  PASSED  ] 1 test.
<end of output>
Test time =   0.01 sec
----------------------------------------------------------
Test Passed.
"DummyVector.Constructors" end time: Nov 11 14:28 MSK
"DummyVector.Constructors" time elapsed: 00:00:00
----------------------------------------------------------

69/80 Testing: DummyVector.Push
69/80 Test: DummyVector.Push
Command: "/home/somewhat/bmstu-cpp-works/build/bmstu-works_tests" "--gtest_filter=DummyVector.Push" "--gtest_also_run_disabled_tests"
Directory: /home/somewhat/bmstu-cpp-works/build
"DummyVector.Push" start time: Nov 11 14:28 MSK
Output:
----------------------------------------------------------
Running main() from /home/somewhat/bmstu-cpp-works/build/_deps/googletest-src/googletest/src/gtest_main.cc
Note: Google Test filter = DummyVector.Push
[==========] Running 1 test from 1 test suite.
[----------] Global test environment set-up.
[----------] 1 test from DummyVector
[ RUN      ] DummyVector.Push
[       OK ] DummyVector.Push (0 ms)
[----------] 1 test from DummyVector (0 ms total)

[----------] Global test environment tear-down
[==========] 1 test from 1 test suite ran. (0 ms total)
[  PASSED  ] 1 test.
<end of output>
Test time =   0.01 sec
----------------------------------------------------------
Test Passed.
"DummyVector.Push" end time: Nov 11 14:28 MSK
"DummyVector.Push" time elapsed: 00:00:00
----------------------------------------------------------

70/80 Testing: DummyVector.CopyConstruct
70/80 Test: DummyVector.CopyConstruct
Command: "/home/somewhat/bmstu-cpp-works/build/bmstu-works_tests" "--gtest_filter=DummyVector.CopyConstruct" "--gtest_also_run_disabled_tests"
Directory: /home/somewhat/bmstu-cpp-works/build
"DummyVector.CopyConstruct" start time: Nov 11 14:28 MSK
Output:
----------------------------------------------------------
Running main() from /home/somewhat/bmstu-cpp-works/build/_deps/googletest-src/googletest/src/gtest_main.cc
Note: Google Test filter = DummyVector.CopyConstruct
[==========] Running 1 test from 1 test suite.
[----------] Global test environment set-up.
[----------] 1 test from DummyVector
[ RUN      ] DummyVector.CopyConstruct
[       OK ] DummyVector.CopyConstruct (0 ms)
[----------] 1 test from DummyVector (0 ms total)

[----------] Global test environment tear-down
[==========] 1 test from 1 test suite ran. (0 ms total)
[  PASSED  ] 1 test.
<end of output>
Test time =   0.01 sec
----------------------------------------------------------
Test Passed.
"DummyVector.CopyConstruct" end time: Nov 11 14:28 MSK
"DummyVector.CopyConstruct" time elapsed: 00:00:00
----------------------------------------------------------

71/80 Testing: DummyVector.PopBack
71/80 Test: DummyVector.PopBack
Command: "/home/somewhat/bmstu-cpp-works/build/bmstu-works_tests" "--gtest_filter=DummyVector.PopBack" "--gtest_also_run_disabled_tests"
Directory: /home/somewhat/bmstu-cpp-works/build
"DummyVector.PopBack" start time: Nov 11 14:28 MSK
Output:
----------------------------------------------------------
Running main() from /home/somewhat/bmstu-cpp-works/build/_deps/googletest-src/googletest/src/gtest_main.cc
Note: Google Test filter = DummyVector.PopBack
[==========] Running 1 test from 1 test suite.
[----------] Global test environment set-up.
[----------] 1 test from DummyVector
[ RUN      ] DummyVector.PopBack
[       OK ] DummyVector.PopBack (0 ms)
[----------] 1 test from DummyVector (0 ms total)

[----------] Global test environment tear-down
[==========] 1 test from 1 test suite ran. (0 ms total)
[  PASSED  ] 1 test.
<end of output>
Test time =   0.01 sec
----------------------------------------------------------
Test Passed.
"DummyVector.PopBack" end time: Nov 11 14:28 MSK
"DummyVector.PopBack" time elapsed: 00:00:00
----------------------------------------------------------

72/80 Testing: DummyVector.Capacity
72/80 Test: DummyVector.Capacity
Command: "/home/somewhat/bmstu-cpp-works/build/bmstu-works_tests" "--gtest_filter=DummyVector.Capacity" "--gtest_also_run_disabled_tests"
Directory: /home/somewhat/bmstu-cpp-works/build
"DummyVector.Capacity" start time: Nov 11 14:28 MSK
Output:
----------------------------------------------------------
Running main() from /home/somewhat/bmstu-cpp-works/build/_deps/googletest-src/googletest/src/gtest_main.cc
Note: Google Test filter = DummyVector.Capacity
[==========] Running 1 test from 1 test suite.
[----------] Global test environment set-up.
[----------] 1 test from DummyVector
[ RUN      ] DummyVector.Capacity
[       OK ] DummyVector.Capacity (0 ms)
[----------] 1 test from DummyVector (0 ms total)

[----------] Global test environment tear-down
[==========] 1 test from 1 test suite ran. (0 ms total)
[  PASSED  ] 1 test.
<end of output>
Test time =   0.01 sec
----------------------------------------------------------
Test Passed.
"DummyVector.Capacity" end time: Nov 11 14:28 MSK
"DummyVector.Capacity" time elapsed: 00:00:00
----------------------------------------------------------

73/80 Testing: DummyVector.Iterate
73/80 Test: DummyVector.Iterate
Command: "/home/somewhat/bmstu-cpp-works/build/bmstu-works_tests" "--gtest_filter=DummyVector.Iterate" "--gtest_also_run_disabled_tests"
Directory: /home/somewhat/bmstu-cpp-works/build
"DummyVector.Iterate" start time: Nov 11 14:28 MSK
Output:
----------------------------------------------------------
Running main() from /home/somewhat/bmstu-cpp-works/build/_deps/googletest-src/googletest/src/gtest_main.cc
Note: Google Test filter = DummyVector.Iterate
[==========] Running 1 test from 1 test suite.
[----------] Global test environment set-up.
[----------] 1 test from DummyVector
[ RUN      ] DummyVector.Iterate
[       OK ] DummyVector.Iterate (0 ms)
[----------] 1 test from DummyVector (0 ms total)

[----------] Global test environment tear-down
[==========] 1 test from 1 test suite ran. (0 ms total)
[  PASSED  ] 1 test.
<end of output>
Test time =   0.01 sec
----------------------------------------------------------
Test Passed.
"DummyVector.Iterate" end time: Nov 11 14:28 MSK
"DummyVector.Iterate" time elapsed: 00:00:00
----------------------------------------------------------

74/80 Testing: DummyVector.Compare
74/80 Test: DummyVector.Compare
Command: "/home/somewhat/bmstu-cpp-works/build/bmstu-works_tests" "--gtest_filter=DummyVector.Compare" "--gtest_also_run_disabled_tests"
Directory: /home/somewhat/bmstu-cpp-works/build
"DummyVector.Compare" start time: Nov 11 14:28 MSK
Output:
----------------------------------------------------------
Running main() from /home/somewhat/bmstu-cpp-works/build/_deps/googletest-src/googletest/src/gtest_main.cc
Note: Google Test filter = DummyVector.Compare
[==========] Running 1 test from 1 test suite.
[----------] Global test environment set-up.
[----------] 1 test from DummyVector
[ RUN      ] DummyVector.Compare
[       OK ] DummyVector.Compare (0 ms)
[----------] 1 test from DummyVector (0 ms total)

[----------] Global test environment tear-down
[==========] 1 test from 1 test suite ran. (0 ms total)
[  PASSED  ] 1 test.
<end of output>
Test time =   0.01 sec
----------------------------------------------------------
Test Passed.
"DummyVector.Compare" end time: Nov 11 14:28 MSK
"DummyVector.Compare" time elapsed: 00:00:00
----------------------------------------------------------

75/80 Testing: DummyVector.Pushback2
75/80 Test: DummyVector.Pushback2
Command: "/home/somewhat/bmstu-cpp-works/build/bmstu-works_tests" "--gtest_filter=DummyVector.Pushback2" "--gtest_also_run_disabled_tests"
Directory: /home/somewhat/bmstu-cpp-works/build
"DummyVector.Pushback2" start time: Nov 11 14:28 MSK
Output:
----------------------------------------------------------
Running main() from /home/somewhat/bmstu-cpp-works/build/_deps/googletest-src/googletest/src/gtest_main.cc
Note: Google Test filter = DummyVector.Pushback2
[==========] Running 1 test from 1 test suite.
[----------] Global test environment set-up.
[----------] 1 test from DummyVector
[ RUN      ] DummyVector.Pushback2
[       OK ] DummyVector.Pushback2 (0 ms)
[----------] 1 test from DummyVector (0 ms total)

[----------] Global test environment tear-down
[==========] 1 test from 1 test suite ran. (0 ms total)
[  PASSED  ] 1 test.
<end of output>
Test time =   0.01 sec
----------------------------------------------------------
Test Passed.
"DummyVector.Pushback2" end time: Nov 11 14:28 MSK
"DummyVector.Pushback2" time elapsed: 00:00:00
----------------------------------------------------------

76/80 Testing: DummyVector.Swap
76/80 Test: DummyVector.Swap
Command: "/home/somewhat/bmstu-cpp-works/build/bmstu-works_tests" "--gtest_filter=DummyVector.Swap" "--gtest_also_run_disabled_tests"
Directory: /home/somewhat/bmstu-cpp-works/build
"DummyVector.Swap" start time: Nov 11 14:28 MSK
Output:
----------------------------------------------------------
Running main() from /home/somewhat/bmstu-cpp-works/build/_deps/googletest-src/googletest/src/gtest_main.cc
Note: Google Test filter = DummyVector.Swap
[==========] Running 1 test from 1 test suite.
[----------] Global test environment set-up.
[----------] 1 test from DummyVector
[ RUN      ] DummyVector.Swap
[       OK ] DummyVector.Swap (0 ms)
[----------] 1 test from DummyVector (0 ms total)

[----------] Global test environment tear-down
[==========] 1 test from 1 test suite ran. (0 ms total)
[  PASSED  ] 1 test.
<end of output>
Test time =   0.01 sec
----------------------------------------------------------
Test Passed.
"DummyVector.Swap" end time: Nov 11 14:28 MSK
"DummyVector.Swap" time elapsed: 00:00:00
----------------------------------------------------------

77/80 Testing: DummyVector.Test1
77/80 Test: DummyVector.Test1
Command: "/home/somewhat/bmstu-cpp-works/build/bmstu-works_tests" "--gtest_filter=DummyVector.Test1" "--gtest_also_run_disabled_tests"
Directory: /home/somewhat/bmstu-cpp-works/build
"DummyVector.Test1" start time: Nov 11 14:28 MSK
Output:
----------------------------------------------------------
Running main() from /home/somewhat/bmstu-cpp-works/build/_deps/googletest-src/googletest/src/gtest_main.cc
Note: Google Test filter = DummyVector.Test1
[==========] Running 1 test from 1 test suite.
[----------] Global test environment set-up.
[----------] 1 test from DummyVector
[ RUN      ] DummyVector.Test1
[       OK ] DummyVector.Test1 (0 ms)
[----------] 1 test from DummyVector (0 ms total)

[----------] Global test environment tear-down
[==========] 1 test from 1 test suite ran. (0 ms total)
[  PASSED  ] 1 test.
<end of output>
Test time =   0.01 sec
----------------------------------------------------------
Test Passed.
"DummyVector.Test1" end time: Nov 11 14:28 MSK
"DummyVector.Test1" time elapsed: 00:00:00
----------------------------------------------------------

78/80 Testing: DummyVector.Insert
78/80 Test: DummyVector.Insert
Command: "/home/somewhat/bmstu-cpp-works/build/bmstu-works_tests" "--gtest_filter=DummyVector.Insert" "--gtest_also_run_disabled_tests"
Directory: /home/somewhat/bmstu-cpp-works/build
"DummyVector.Insert" start time: Nov 11 14:28 MSK
Output:
----------------------------------------------------------
Running main() from /home/somewhat/bmstu-cpp-works/build/_deps/googletest-src/googletest/src/gtest_main.cc
Note: Google Test filter = DummyVector.Insert
[==========] Running 1 test from 1 test suite.
[----------] Global test environment set-up.
[----------] 1 test from DummyVector
[ RUN      ] DummyVector.Insert
[       OK ] DummyVector.Insert (0 ms)
[----------] 1 test from DummyVector (0 ms total)

[----------] Global test environment tear-down
[==========] 1 test from 1 test suite ran. (0 ms total)
[  PASSED  ] 1 test.
<end of output>
Test time =   0.01 sec
----------------------------------------------------------
Test Passed.
"DummyVector.Insert" end time: Nov 11 14:28 MSK
"DummyVector.Insert" time elapsed: 00:00:00
----------------------------------------------------------

79/80 Testing: DummyVector.Insert2
79/80 Test: DummyVector.Insert2
Command: "/home/somewhat/bmstu-cpp-works/build/bmstu-works_tests" "--gtest_filter=DummyVector.Insert2" "--gtest_also_run_disabled_tests"
Directory: /home/somewhat/bmstu-cpp-works/build
"DummyVector.Insert2" start time: Nov 11 14:28 MSK
Output:
----------------------------------------------------------
Running main() from /home/somewhat/bmstu-cpp-works/build/_deps/googletest-src/googletest/src/gtest_main.cc
Note: Google Test filter = DummyVector.Insert2
[==========] Running 1 test from 1 test suite.
[----------] Global test environment set-up.
[----------] 1 test from DummyVector
[ RUN      ] DummyVector.Insert2
[       OK ] DummyVector.Insert2 (0 ms)
[----------] 1 test from DummyVector (0 ms total)

[----------] Global test environment tear-down
[==========] 1 test from 1 test suite ran. (0 ms total)
[  PASSED  ] 1 test.
<end of output>
Test time =   0.01 sec
----------------------------------------------------------
Test Passed.
"DummyVector.Insert2" end time: Nov 11 14:28 MSK
"DummyVector.Insert2" time elapsed: 00:00:00
----------------------------------------------------------

80/80 Testing: DummyVector.Reserve
80/80 Test: DummyVector.Reserve
Command: "/home/somewhat/bmstu-cpp-works/build/bmstu-works_tests" "--gtest_filter=DummyVector.Reserve" "--gtest_also_run_disabled_tests"
Directory: /home/somewhat/bmstu-cpp-works/build
"DummyVector.Reserve" start time: Nov 11 14:28 MSK
Output:
----------------------------------------------------------
Running main() from /home/somewhat/bmstu-cpp-works/build/_deps/googletest-src/googletest/src/gtest_main.cc
Note: Google Test filter = DummyVector.Reserve
[==========] Running 1 test from 1 test suite.
[----------] Global test environment set-up.
[----------] 1 test from DummyVector
[ RUN      ] DummyVector.Reserve
[       OK ] DummyVector.Reserve (0 ms)
[----------] 1 test from DummyVector (0 ms total)

[----------] Global test environment tear-down
[==========] 1 test from 1 test suite ran. (0 ms total)
[  PASSED  ] 1 test.
<end of output>
Test time =   0.01 sec
----------------------------------------------------------
Test Passed.
"DummyVector.Reserve" end time: Nov 11 14:28 MSK
"DummyVector.Reserve" time elapsed: 00:00:00
----------------------------------------------------------

End testing: Nov 11 14:28 MSK
